#
# There is insufficient memory for the Java Runtime Environment to continue.
# Native memory allocation (mmap) failed to map 65536 bytes for Failed to commit metaspace.
# Possible reasons:
#   The system is out of physical RAM or swap space
#   The process is running with CompressedOops enabled, and the Java Heap may be blocking the growth of the native heap
# Possible solutions:
#   Reduce memory load on the system
#   Increase physical memory or swap space
#   Check if swap backing store is full
#   Decrease Java heap size (-Xmx/-Xms)
#   Decrease number of Java threads
#   Decrease Java thread stack sizes (-Xss)
#   Set larger code cache with -XX:ReservedCodeCacheSize=
#   JVM is running with Zero Based Compressed Oops mode in which the Java heap is
#     placed in the first 32GB address space. The Java Heap base address is the
#     maximum limit for the native heap growth. Please use -XX:HeapBaseMinAddress
#     to set the Java Heap base and to place the Java Heap above 32GB virtual address.
# This output file may be truncated or incomplete.
#
#  Out of Memory Error (virtualSpaceNode.cpp:110), pid=8840, tid=14644
#
# JRE version: OpenJDK Runtime Environment Temurin-17.0.3+7 (17.0.3+7) (build 17.0.3+7)
# Java VM: OpenJDK 64-Bit Server VM Temurin-17.0.3+7 (17.0.3+7, mixed mode, tiered, compressed oops, compressed class ptrs, g1 gc, windows-amd64)
# No core dump will be written. Minidumps are not enabled by default on client versions of Windows
#

---------------  S U M M A R Y ------------

Command Line: -ea -Dfile.encoding=UTF-8 -XX:+ShowCodeDetailsInExceptionMessages org.testng.remote.RemoteTestNG -serport 58299 -protocol json -d C:\Users\Shakir\OneDrive - Intact Green Services (India) PVT LTD\Desktop\CharlesAndroidHipiNeo\test-output C:\Users\Shakir\OneDrive - Intact Green Services (India) PVT LTD\Desktop\CharlesAndroidHipiNeo\Android_HiPi_Neo.xml

Host: 11th Gen Intel(R) Core(TM) i5-1135G7 @ 2.40GHz, 8 cores, 15G,  Windows 10 , 64 bit Build 19041 (10.0.19041.3570)
Time: Fri Nov  3 15:43:54 2023 India Standard Time elapsed time: 85.548710 seconds (0d 0h 1m 25s)

---------------  T H R E A D  ---------------

Current thread (0x000001f5afbce030):  JavaThread "TestNG" [_thread_in_vm, id=14644, stack(0x0000002a9d100000,0x0000002a9d200000)]

Stack: [0x0000002a9d100000,0x0000002a9d200000]
Native frames: (J=compiled Java code, j=interpreted, Vv=VM code, C=native code)
V  [jvm.dll+0x675efa]
V  [jvm.dll+0x830a24]
V  [jvm.dll+0x8321ce]
V  [jvm.dll+0x832833]
V  [jvm.dll+0x2454b5]
V  [jvm.dll+0x82c9cb]
V  [jvm.dll+0x61ab26]
V  [jvm.dll+0x1c046e]
V  [jvm.dll+0x61d471]
V  [jvm.dll+0x61b4c6]
V  [jvm.dll+0x239a1f]
V  [jvm.dll+0x6252d5]
V  [jvm.dll+0x1ea19b]
V  [jvm.dll+0x1ea6d5]
V  [jvm.dll+0x1eb10f]
V  [jvm.dll+0x1e05b1]
V  [jvm.dll+0x53bb80]
V  [jvm.dll+0x7aba28]
V  [jvm.dll+0x7abb14]
V  [jvm.dll+0x40c7c5]
V  [jvm.dll+0x4129b8]
C  [java.dll+0x17ec]

Java frames: (J=compiled Java code, j=interpreted, Vv=VM code)
J 862  java.lang.ClassLoader.defineClass1(Ljava/lang/ClassLoader;Ljava/lang/String;[BIILjava/security/ProtectionDomain;Ljava/lang/String;)Ljava/lang/Class; java.base@17.0.3 (0 bytes) @ 0x000001f5995b71e3 [0x000001f5995b7120+0x00000000000000c3]
J 981 c1 java.lang.ClassLoader.defineClass(Ljava/lang/String;[BIILjava/security/ProtectionDomain;)Ljava/lang/Class; java.base@17.0.3 (43 bytes) @ 0x000001f59221075c [0x000001f592210400+0x000000000000035c]
J 1088 c1 java.security.SecureClassLoader.defineClass(Ljava/lang/String;[BIILjava/security/CodeSource;)Ljava/lang/Class; java.base@17.0.3 (16 bytes) @ 0x000001f59223cc0c [0x000001f59223cb40+0x00000000000000cc]
J 6120 c2 jdk.internal.loader.BuiltinClassLoader.findClassOnClassPathOrNull(Ljava/lang/String;)Ljava/lang/Class; java.base@17.0.3 (64 bytes) @ 0x000001f5998b0a7c [0x000001f5998aee00+0x0000000000001c7c]
J 2798 c2 jdk.internal.loader.BuiltinClassLoader.loadClassOrNull(Ljava/lang/String;Z)Ljava/lang/Class; java.base@17.0.3 (143 bytes) @ 0x000001f5996dca28 [0x000001f5996dc760+0x00000000000002c8]
J 6085 c2 java.lang.ClassLoader.loadClass(Ljava/lang/String;)Ljava/lang/Class; java.base@17.0.3 (7 bytes) @ 0x000001f5997b0b40 [0x000001f5997b0ae0+0x0000000000000060]
v  ~StubRoutines::call_stub
j  com.spire.xls.packages.sprlph.spr‱┠()Lcom/spire/xls/packages/sprtoh;+175
j  com.spire.xls.packages.sprlph.spr└┠(Ljava/lang/String;Ljava/lang/String;)Lcom/spire/xls/packages/sprtoh;+344
j  com.spire.xls.packages.sprlph.spr▋┧(Ljava/lang/String;Ljava/lang/String;)Lcom/spire/xls/packages/sprtoh;+43
j  com.spire.xls.packages.sprlph.spr┛┠(Ljava/lang/String;)Lcom/spire/xls/packages/sprqwh;+200
j  com.spire.xls.packages.spruph.spr┅┧(Ljava/lang/String;IZ)Lcom/spire/xls/packages/sprtoh;+23
j  com.spire.xls.packages.spruph.spr╖┠(Ljava/lang/String;IZ)Lcom/spire/xls/packages/sprtoh;+72
j  com.spire.xls.packages.sprlph.spr╖┠(Ljava/lang/String;IZ)Lcom/spire/xls/packages/sprtoh;+3
j  com.spire.xls.packages.sprhuf.spr┅┐(Lcom/spire/xls/packages/sprptf;ILcom/spire/xls/packages/sprchba;)I+43
j  com.spire.xls.packages.sprhuf.spr℡┐(Lcom/spire/xls/packages/sprklba;Lcom/spire/xls/packages/sprykg;IIIILcom/spire/xls/packages/sprqcg;)V+1222
j  com.spire.xls.packages.sprhuf.spr”┍(Lcom/spire/xls/packages/sprykg;IIIILcom/spire/xls/packages/sprqcg;)V+30
j  com.spire.xls.packages.sprnuf.spr┛┍(III)V+18
j  com.spire.xls.core.spreadsheet.XlsWorksheet.autoFitColumn(III)V+13
j  com.spire.xls.core.spreadsheet.XlsRange.autoFitColumns()V+39
j  com.excel.Time_ExcelUpdate.AutoFitColumn()V+37
j  com.zee5.Android_HipiScripts.AndroidHiPiNeoP0.tearDownApp()V+16
v  ~StubRoutines::call_stub
j  jdk.internal.reflect.NativeMethodAccessorImpl.invoke0(Ljava/lang/reflect/Method;Ljava/lang/Object;[Ljava/lang/Object;)Ljava/lang/Object;+0 java.base@17.0.3
j  jdk.internal.reflect.NativeMethodAccessorImpl.invoke(Ljava/lang/Object;[Ljava/lang/Object;)Ljava/lang/Object;+133 java.base@17.0.3
J 4964 c1 jdk.internal.reflect.DelegatingMethodAccessorImpl.invoke(Ljava/lang/Object;[Ljava/lang/Object;)Ljava/lang/Object; java.base@17.0.3 (10 bytes) @ 0x000001f592ab794c [0x000001f592ab7840+0x000000000000010c]
J 4700 c1 java.lang.reflect.Method.invoke(Ljava/lang/Object;[Ljava/lang/Object;)Ljava/lang/Object; java.base@17.0.3 (65 bytes) @ 0x000001f592a14e44 [0x000001f592a14b00+0x0000000000000344]
j  org.testng.internal.MethodInvocationHelper.invokeMethod(Ljava/lang/reflect/Method;Ljava/lang/Object;[Ljava/lang/Object;)Ljava/lang/Object;+235
j  org.testng.internal.Invoker.invokeConfigurationMethod(Ljava/lang/Object;Lorg/testng/ITestNGMethod;[Ljava/lang/Object;Lorg/testng/ITestResult;)V+128
j  org.testng.internal.Invoker.invokeConfigurations(Lorg/testng/IClass;Lorg/testng/ITestNGMethod;[Lorg/testng/ITestNGMethod;Lorg/testng/xml/XmlSuite;Ljava/util/Map;[Ljava/lang/Object;Ljava/lang/Object;Lorg/testng/ITestResult;)V+303
j  org.testng.internal.Invoker.invokeConfigurations(Lorg/testng/IClass;[Lorg/testng/ITestNGMethod;Lorg/testng/xml/XmlSuite;Ljava/util/Map;[Ljava/lang/Object;Ljava/lang/Object;)V+12
j  org.testng.TestRunner.afterRun()V+37
j  org.testng.TestRunner.run()V+30
j  org.testng.SuiteRunner.runTest(Lorg/testng/TestRunner;)V+1
j  org.testng.SuiteRunner.access$000(Lorg/testng/SuiteRunner;Lorg/testng/TestRunner;)V+2
j  org.testng.SuiteRunner$SuiteWorker.run()V+47
j  org.testng.internal.thread.ThreadUtil$2.call()Ljava/lang/Object;+4
j  java.util.concurrent.FutureTask.run()V+39 java.base@17.0.3
j  java.util.concurrent.ThreadPoolExecutor.runWorker(Ljava/util/concurrent/ThreadPoolExecutor$Worker;)V+92 java.base@17.0.3
j  java.util.concurrent.ThreadPoolExecutor$Worker.run()V+5 java.base@17.0.3
j  java.lang.Thread.run()V+11 java.base@17.0.3
v  ~StubRoutines::call_stub

---------------  P R O C E S S  ---------------

Threads class SMR info:
_java_thread_list=0x000001f5b09a4340, length=24, elements={
0x000001f58cc140e0, 0x000001f5ae069260, 0x000001f5ae02f4a0, 0x000001f5ae0566c0,
0x000001f5ae0723b0, 0x000001f5ae074c80, 0x000001f5ae075540, 0x000001f5ae076130,
0x000001f5ae08ba90, 0x000001f5ae095460, 0x000001f5ae32c880, 0x000001f5ae34c080,
0x000001f5ae966810, 0x000001f5afbce030, 0x000001f5af43b0c0, 0x000001f5b0cb9080,
0x000001f5b0cb8bb0, 0x000001f5b0cb6a00, 0x000001f5b0cb9550, 0x000001f5b0cb6060,
0x000001f5b0cb6ed0, 0x000001f5b0cb7870, 0x000001f5ae341ed0, 0x000001f5ae3423e0
}

Java Threads: ( => current thread )
  0x000001f58cc140e0 JavaThread "main" [_thread_blocked, id=6332, stack(0x0000002a9b300000,0x0000002a9b400000)]
  0x000001f5ae069260 JavaThread "Reference Handler" daemon [_thread_blocked, id=9852, stack(0x0000002a9ba00000,0x0000002a9bb00000)]
  0x000001f5ae02f4a0 JavaThread "Finalizer" daemon [_thread_blocked, id=13728, stack(0x0000002a9bb00000,0x0000002a9bc00000)]
  0x000001f5ae0566c0 JavaThread "Signal Dispatcher" daemon [_thread_blocked, id=7400, stack(0x0000002a9bc00000,0x0000002a9bd00000)]
  0x000001f5ae0723b0 JavaThread "Attach Listener" daemon [_thread_blocked, id=18820, stack(0x0000002a9bd00000,0x0000002a9be00000)]
  0x000001f5ae074c80 JavaThread "Service Thread" daemon [_thread_blocked, id=15100, stack(0x0000002a9be00000,0x0000002a9bf00000)]
  0x000001f5ae075540 JavaThread "Monitor Deflation Thread" daemon [_thread_blocked, id=3840, stack(0x0000002a9bf00000,0x0000002a9c000000)]
  0x000001f5ae076130 JavaThread "C2 CompilerThread0" daemon [_thread_blocked, id=6884, stack(0x0000002a9c000000,0x0000002a9c100000)]
  0x000001f5ae08ba90 JavaThread "C1 CompilerThread0" daemon [_thread_blocked, id=9772, stack(0x0000002a9c100000,0x0000002a9c200000)]
  0x000001f5ae095460 JavaThread "Sweeper thread" daemon [_thread_blocked, id=18112, stack(0x0000002a9c200000,0x0000002a9c300000)]
  0x000001f5ae32c880 JavaThread "Notification Thread" daemon [_thread_blocked, id=5348, stack(0x0000002a9c300000,0x0000002a9c400000)]
  0x000001f5ae34c080 JavaThread "Common-Cleaner" daemon [_thread_blocked, id=17120, stack(0x0000002a9c500000,0x0000002a9c600000)]
  0x000001f5ae966810 JavaThread "ReaderThread" [_thread_in_native, id=20332, stack(0x0000002a9c900000,0x0000002a9ca00000)]
=>0x000001f5afbce030 JavaThread "TestNG" [_thread_in_vm, id=14644, stack(0x0000002a9d100000,0x0000002a9d200000)]
  0x000001f5af43b0c0 JavaThread "ForkJoinPool.commonPool-worker-2" daemon [_thread_blocked, id=11756, stack(0x0000002a9d200000,0x0000002a9d300000)]
  0x000001f5b0cb9080 JavaThread "ForkJoinPool.commonPool-worker-3" daemon [_thread_blocked, id=11416, stack(0x0000002a9d300000,0x0000002a9d400000)]
  0x000001f5b0cb8bb0 JavaThread "ForkJoinPool.commonPool-worker-4" daemon [_thread_blocked, id=14540, stack(0x0000002a9d400000,0x0000002a9d500000)]
  0x000001f5b0cb6a00 JavaThread "OkHttp ConnectionPool" daemon [_thread_blocked, id=9384, stack(0x0000002a9d500000,0x0000002a9d600000)]
  0x000001f5b0cb9550 JavaThread "Okio Watchdog" daemon [_thread_blocked, id=19024, stack(0x0000002a9d600000,0x0000002a9d700000)]
  0x000001f5b0cb6060 JavaThread "OkHttp ConnectionPool" daemon [_thread_blocked, id=1716, stack(0x0000002a9d800000,0x0000002a9d900000)]
  0x000001f5b0cb6ed0 JavaThread "Java2D Disposer" daemon [_thread_blocked, id=10664, stack(0x0000002a9b100000,0x0000002a9b200000)]
  0x000001f5b0cb7870 JavaThread "AWT-Windows" daemon [_thread_in_native, id=10320, stack(0x0000002a9da00000,0x0000002a9db00000)]
  0x000001f5ae341ed0 JavaThread "C2 CompilerThread1" daemon [_thread_in_native, id=19744, stack(0x0000002a9db00000,0x0000002a9dc00000)]
  0x000001f5ae3423e0 JavaThread "C2 CompilerThread2" daemon [_thread_in_native, id=7716, stack(0x0000002a9b200000,0x0000002a9b300000)]

Other Threads:
  0x000001f5ad4eef50 VMThread "VM Thread" [stack: 0x0000002a9b900000,0x0000002a9ba00000] [id=9128]
  0x000001f58cc98fb0 WatcherThread [stack: 0x0000002a9c400000,0x0000002a9c500000] [id=4900]
  0x000001f58cc7f300 GCTaskThread "GC Thread#0" [stack: 0x0000002a9b400000,0x0000002a9b500000] [id=15132]
  0x000001f5af0c6a70 GCTaskThread "GC Thread#1" [stack: 0x0000002a9ca00000,0x0000002a9cb00000] [id=3244]
  0x000001f5af404ad0 GCTaskThread "GC Thread#2" [stack: 0x0000002a9cb00000,0x0000002a9cc00000] [id=17948]
  0x000001f5af404d80 GCTaskThread "GC Thread#3" [stack: 0x0000002a9cc00000,0x0000002a9cd00000] [id=15032]
  0x000001f5af5cf040 GCTaskThread "GC Thread#4" [stack: 0x0000002a9cd00000,0x0000002a9ce00000] [id=20360]
  0x000001f5aea03f00 GCTaskThread "GC Thread#5" [stack: 0x0000002a9ce00000,0x0000002a9cf00000] [id=20128]
  0x000001f5b139c800 GCTaskThread "GC Thread#6" [stack: 0x0000002a9cf00000,0x0000002a9d000000] [id=12136]
  0x000001f5b0d35d30 GCTaskThread "GC Thread#7" [stack: 0x0000002a9d000000,0x0000002a9d100000] [id=4448]
  0x000001f58cc91880 ConcurrentGCThread "G1 Main Marker" [stack: 0x0000002a9b500000,0x0000002a9b600000] [id=7440]
  0x000001f58cc92290 ConcurrentGCThread "G1 Conc#0" [stack: 0x0000002a9b600000,0x0000002a9b700000] [id=7452]
  0x000001f5b0e63910 ConcurrentGCThread "G1 Conc#1" [stack: 0x0000002a9c600000,0x0000002a9c700000] [id=17676]
  0x000001f58ccdeb90 ConcurrentGCThread "G1 Refine#0" [stack: 0x0000002a9b700000,0x0000002a9b800000] [id=2248]
  0x000001f5ad39c780 ConcurrentGCThread "G1 Service" [stack: 0x0000002a9b800000,0x0000002a9b900000] [id=13352]

Threads with active compile tasks:
C2 CompilerThread1    85567 6778   !   4       com.spire.ms.System.Collections.SortedList::spr\u201d\u2528 (251 bytes)
C2 CompilerThread2    85567 6781       4       com.spire.xls.packages.sprvwh::<init> (48 bytes)

VM state: not at safepoint (normal execution)

VM Mutex/Monitor currently owned by a thread:  ([mutex/lock_event])
[0x000001f58cc0e290] Metaspace_lock - owner thread: 0x000001f5afbce030

Heap address: 0x0000000705600000, size: 4010 MB, Compressed Oops mode: Zero based, Oop shift amount: 3

CDS archive(s) not mapped
Compressed class space mapped at: 0x0000000800000000-0x0000000840000000, reserved size: 1073741824
Narrow klass base: 0x0000000800000000, Narrow klass shift: 0, Narrow klass range: 0x40000000

GC Precious Log:
 CPUs: 8 total, 8 available
 Memory: 16039M
 Large Page Support: Disabled
 NUMA Support: Disabled
 Compressed Oops: Enabled (Zero based)
 Heap Region Size: 2M
 Heap Min Capacity: 8M
 Heap Initial Capacity: 252M
 Heap Max Capacity: 4010M
 Pre-touch: Disabled
 Parallel Workers: 8
 Concurrent Workers: 2
 Concurrent Refinement Workers: 8
 Periodic GC: Disabled

Heap:
 garbage-first heap   total 305152K, used 178168K [0x0000000705600000, 0x0000000800000000)
  region size 2048K, 20 young (40960K), 5 survivors (10240K)
 Metaspace       used 66753K, committed 67072K, reserved 1114112K
  class space    used 7039K, committed 7232K, reserved 1048576K

Heap Regions: E=young(eden), S=young(survivor), O=old, HS=humongous(starts), HC=humongous(continues), CS=collection set, F=free, OA=open archive, CA=closed archive, TAMS=top-at-mark-start (previous, next)
|   0|0x0000000705600000, 0x0000000705800000, 0x0000000705800000|100%|HS|  |TAMS 0x0000000705800000, 0x0000000705600000| Complete 
|   1|0x0000000705800000, 0x0000000705a00000, 0x0000000705a00000|100%|HS|  |TAMS 0x0000000705a00000, 0x0000000705800000| Complete 
|   2|0x0000000705a00000, 0x0000000705c00000, 0x0000000705c00000|100%|HC|  |TAMS 0x0000000705c00000, 0x0000000705a00000| Complete 
|   3|0x0000000705c00000, 0x0000000705e00000, 0x0000000705e00000|100%| O|  |TAMS 0x0000000705e00000, 0x0000000705c00000| Untracked 
|   4|0x0000000705e00000, 0x0000000706000000, 0x0000000706000000|100%| O|  |TAMS 0x0000000706000000, 0x0000000705e00000| Untracked 
|   5|0x0000000706000000, 0x0000000706200000, 0x0000000706200000|100%| O|  |TAMS 0x0000000706200000, 0x0000000706000000| Untracked 
|   6|0x0000000706200000, 0x0000000706400000, 0x0000000706400000|100%| O|  |TAMS 0x0000000706400000, 0x0000000706200000| Untracked 
|   7|0x0000000706400000, 0x0000000706600000, 0x0000000706600000|100%| O|  |TAMS 0x0000000706600000, 0x0000000706400000| Untracked 
|   8|0x0000000706600000, 0x0000000706800000, 0x0000000706800000|100%| O|  |TAMS 0x0000000706800000, 0x0000000706600000| Untracked 
|   9|0x0000000706800000, 0x0000000706a00000, 0x0000000706a00000|100%| O|  |TAMS 0x0000000706a00000, 0x0000000706800000| Untracked 
|  10|0x0000000706a00000, 0x0000000706c00000, 0x0000000706c00000|100%| O|  |TAMS 0x0000000706c00000, 0x0000000706a00000| Untracked 
|  11|0x0000000706c00000, 0x0000000706e00000, 0x0000000706e00000|100%| O|  |TAMS 0x0000000706e00000, 0x0000000706c00000| Untracked 
|  12|0x0000000706e00000, 0x0000000707000000, 0x0000000707000000|100%| O|  |TAMS 0x0000000707000000, 0x0000000706e00000| Untracked 
|  13|0x0000000707000000, 0x0000000707200000, 0x0000000707200000|100%| O|  |TAMS 0x0000000707200000, 0x0000000707000000| Untracked 
|  14|0x0000000707200000, 0x0000000707400000, 0x0000000707400000|100%| O|  |TAMS 0x0000000707400000, 0x0000000707200000| Untracked 
|  15|0x0000000707400000, 0x0000000707600000, 0x0000000707600000|100%| O|  |TAMS 0x0000000707600000, 0x0000000707400000| Untracked 
|  16|0x0000000707600000, 0x0000000707800000, 0x0000000707800000|100%| O|  |TAMS 0x0000000707800000, 0x0000000707600000| Untracked 
|  17|0x0000000707800000, 0x0000000707a00000, 0x0000000707a00000|100%| O|  |TAMS 0x0000000707a00000, 0x0000000707800000| Untracked 
|  18|0x0000000707a00000, 0x0000000707c00000, 0x0000000707c00000|100%| O|  |TAMS 0x0000000707c00000, 0x0000000707a00000| Untracked 
|  19|0x0000000707c00000, 0x0000000707e00000, 0x0000000707e00000|100%| O|  |TAMS 0x0000000707e00000, 0x0000000707c00000| Untracked 
|  20|0x0000000707e00000, 0x0000000708000000, 0x0000000708000000|100%|HS|  |TAMS 0x0000000708000000, 0x0000000707e00000| Complete 
|  21|0x0000000708000000, 0x0000000708200000, 0x0000000708200000|100%| O|  |TAMS 0x0000000708200000, 0x0000000708000000| Untracked 
|  22|0x0000000708200000, 0x0000000708400000, 0x0000000708400000|100%| O|  |TAMS 0x0000000708400000, 0x0000000708200000| Untracked 
|  23|0x0000000708400000, 0x0000000708600000, 0x0000000708600000|100%| O|  |TAMS 0x0000000708425c00, 0x0000000708400000| Untracked 
|  24|0x0000000708600000, 0x0000000708800000, 0x0000000708800000|100%| O|  |TAMS 0x0000000708600000, 0x0000000708600000| Untracked 
|  25|0x0000000708800000, 0x0000000708a00000, 0x0000000708a00000|100%| O|  |TAMS 0x0000000708800000, 0x0000000708800000| Untracked 
|  26|0x0000000708a00000, 0x0000000708c00000, 0x0000000708c00000|100%| O|  |TAMS 0x0000000708a00000, 0x0000000708a00000| Untracked 
|  27|0x0000000708c00000, 0x0000000708e00000, 0x0000000708e00000|100%| O|  |TAMS 0x0000000708c00000, 0x0000000708c00000| Untracked 
|  28|0x0000000708e00000, 0x0000000709000000, 0x0000000709000000|100%| O|  |TAMS 0x0000000708e00000, 0x0000000708e00000| Untracked 
|  29|0x0000000709000000, 0x0000000709200000, 0x0000000709200000|100%| O|  |TAMS 0x0000000709000000, 0x0000000709000000| Untracked 
|  30|0x0000000709200000, 0x0000000709400000, 0x0000000709400000|100%| O|  |TAMS 0x0000000709200000, 0x0000000709200000| Untracked 
|  31|0x0000000709400000, 0x0000000709600000, 0x0000000709600000|100%| O|  |TAMS 0x0000000709400000, 0x0000000709400000| Untracked 
|  32|0x0000000709600000, 0x0000000709800000, 0x0000000709800000|100%| O|  |TAMS 0x0000000709600000, 0x0000000709600000| Untracked 
|  33|0x0000000709800000, 0x0000000709a00000, 0x0000000709a00000|100%| O|  |TAMS 0x0000000709800000, 0x0000000709800000| Untracked 
|  34|0x0000000709a00000, 0x0000000709a00000, 0x0000000709c00000|  0%| F|  |TAMS 0x0000000709a00000, 0x0000000709a00000| Untracked 
|  35|0x0000000709c00000, 0x0000000709c00000, 0x0000000709e00000|  0%| F|  |TAMS 0x0000000709c00000, 0x0000000709c00000| Untracked 
|  36|0x0000000709e00000, 0x000000070a000000, 0x000000070a000000|100%| O|  |TAMS 0x0000000709e00000, 0x0000000709e00000| Untracked 
|  37|0x000000070a000000, 0x000000070a200000, 0x000000070a200000|100%| O|  |TAMS 0x000000070a000000, 0x000000070a000000| Untracked 
|  38|0x000000070a200000, 0x000000070a400000, 0x000000070a400000|100%| O|  |TAMS 0x000000070a200000, 0x000000070a200000| Untracked 
|  39|0x000000070a400000, 0x000000070a600000, 0x000000070a600000|100%| O|  |TAMS 0x000000070a400000, 0x000000070a400000| Untracked 
|  40|0x000000070a600000, 0x000000070a800000, 0x000000070a800000|100%| O|  |TAMS 0x000000070a600000, 0x000000070a600000| Untracked 
|  41|0x000000070a800000, 0x000000070aa00000, 0x000000070aa00000|100%| O|  |TAMS 0x000000070a800000, 0x000000070a800000| Untracked 
|  42|0x000000070aa00000, 0x000000070ac00000, 0x000000070ac00000|100%| O|  |TAMS 0x000000070aa00000, 0x000000070aa00000| Untracked 
|  43|0x000000070ac00000, 0x000000070ae00000, 0x000000070ae00000|100%| O|  |TAMS 0x000000070ac00000, 0x000000070ac00000| Untracked 
|  44|0x000000070ae00000, 0x000000070b000000, 0x000000070b000000|100%| O|  |TAMS 0x000000070ae00000, 0x000000070ae00000| Untracked 
|  45|0x000000070b000000, 0x000000070b200000, 0x000000070b200000|100%| O|  |TAMS 0x000000070b000000, 0x000000070b000000| Untracked 
|  46|0x000000070b200000, 0x000000070b400000, 0x000000070b400000|100%| O|  |TAMS 0x000000070b200000, 0x000000070b200000| Untracked 
|  47|0x000000070b400000, 0x000000070b600000, 0x000000070b600000|100%| O|  |TAMS 0x000000070b400000, 0x000000070b400000| Untracked 
|  48|0x000000070b600000, 0x000000070b800000, 0x000000070b800000|100%| O|  |TAMS 0x000000070b600000, 0x000000070b600000| Untracked 
|  49|0x000000070b800000, 0x000000070ba00000, 0x000000070ba00000|100%| O|  |TAMS 0x000000070b800000, 0x000000070b800000| Untracked 
|  50|0x000000070ba00000, 0x000000070bc00000, 0x000000070bc00000|100%| O|  |TAMS 0x000000070ba00000, 0x000000070ba00000| Untracked 
|  51|0x000000070bc00000, 0x000000070be00000, 0x000000070be00000|100%| O|  |TAMS 0x000000070bc00000, 0x000000070bc00000| Untracked 
|  52|0x000000070be00000, 0x000000070c000000, 0x000000070c000000|100%| O|  |TAMS 0x000000070be00000, 0x000000070be00000| Untracked 
|  53|0x000000070c000000, 0x000000070c200000, 0x000000070c200000|100%| O|  |TAMS 0x000000070c000000, 0x000000070c000000| Untracked 
|  54|0x000000070c200000, 0x000000070c400000, 0x000000070c400000|100%| O|  |TAMS 0x000000070c200000, 0x000000070c200000| Untracked 
|  55|0x000000070c400000, 0x000000070c600000, 0x000000070c600000|100%| O|  |TAMS 0x000000070c400000, 0x000000070c400000| Untracked 
|  56|0x000000070c600000, 0x000000070c800000, 0x000000070c800000|100%| O|  |TAMS 0x000000070c600000, 0x000000070c600000| Untracked 
|  57|0x000000070c800000, 0x000000070ca00000, 0x000000070ca00000|100%| O|  |TAMS 0x000000070c800000, 0x000000070c800000| Untracked 
|  58|0x000000070ca00000, 0x000000070cc00000, 0x000000070cc00000|100%| O|  |TAMS 0x000000070ca00000, 0x000000070ca00000| Untracked 
|  59|0x000000070cc00000, 0x000000070ce00000, 0x000000070ce00000|100%| O|  |TAMS 0x000000070cc00000, 0x000000070cc00000| Untracked 
|  60|0x000000070ce00000, 0x000000070d000000, 0x000000070d000000|100%| O|  |TAMS 0x000000070ce00000, 0x000000070ce00000| Untracked 
|  61|0x000000070d000000, 0x000000070d200000, 0x000000070d200000|100%| O|  |TAMS 0x000000070d000000, 0x000000070d000000| Untracked 
|  62|0x000000070d200000, 0x000000070d400000, 0x000000070d400000|100%| O|  |TAMS 0x000000070d200000, 0x000000070d200000| Untracked 
|  63|0x000000070d400000, 0x000000070d600000, 0x000000070d600000|100%| O|  |TAMS 0x000000070d400000, 0x000000070d400000| Untracked 
|  64|0x000000070d600000, 0x000000070d800000, 0x000000070d800000|100%| O|  |TAMS 0x000000070d600000, 0x000000070d600000| Untracked 
|  65|0x000000070d800000, 0x000000070da00000, 0x000000070da00000|100%| O|  |TAMS 0x000000070d800000, 0x000000070d800000| Untracked 
|  66|0x000000070da00000, 0x000000070dc00000, 0x000000070dc00000|100%| O|  |TAMS 0x000000070da00000, 0x000000070da00000| Untracked 
|  67|0x000000070dc00000, 0x000000070de00000, 0x000000070de00000|100%| O|  |TAMS 0x000000070dc00000, 0x000000070dc00000| Untracked 
|  68|0x000000070de00000, 0x000000070e000000, 0x000000070e000000|100%| O|  |TAMS 0x000000070de00000, 0x000000070de00000| Untracked 
|  69|0x000000070e000000, 0x000000070e1fe200, 0x000000070e200000| 99%| O|  |TAMS 0x000000070e000000, 0x000000070e000000| Untracked 
|  70|0x000000070e200000, 0x000000070e200000, 0x000000070e400000|  0%| F|  |TAMS 0x000000070e200000, 0x000000070e200000| Untracked 
|  71|0x000000070e400000, 0x000000070e400000, 0x000000070e600000|  0%| F|  |TAMS 0x000000070e400000, 0x000000070e400000| Untracked 
|  72|0x000000070e600000, 0x000000070e600000, 0x000000070e800000|  0%| F|  |TAMS 0x000000070e600000, 0x000000070e600000| Untracked 
|  73|0x000000070e800000, 0x000000070e800000, 0x000000070ea00000|  0%| F|  |TAMS 0x000000070e800000, 0x000000070e800000| Untracked 
|  74|0x000000070ea00000, 0x000000070ea00000, 0x000000070ec00000|  0%| F|  |TAMS 0x000000070ea00000, 0x000000070ea00000| Untracked 
|  75|0x000000070ec00000, 0x000000070ec00000, 0x000000070ee00000|  0%| F|  |TAMS 0x000000070ec00000, 0x000000070ec00000| Untracked 
|  76|0x000000070ee00000, 0x000000070ee00000, 0x000000070f000000|  0%| F|  |TAMS 0x000000070ee00000, 0x000000070ee00000| Untracked 
|  77|0x000000070f000000, 0x000000070f000000, 0x000000070f200000|  0%| F|  |TAMS 0x000000070f000000, 0x000000070f000000| Untracked 
|  78|0x000000070f200000, 0x000000070f200000, 0x000000070f400000|  0%| F|  |TAMS 0x000000070f200000, 0x000000070f200000| Untracked 
|  79|0x000000070f400000, 0x000000070f400000, 0x000000070f600000|  0%| F|  |TAMS 0x000000070f400000, 0x000000070f400000| Untracked 
|  80|0x000000070f600000, 0x000000070f600000, 0x000000070f800000|  0%| F|  |TAMS 0x000000070f600000, 0x000000070f600000| Untracked 
|  81|0x000000070f800000, 0x000000070f800000, 0x000000070fa00000|  0%| F|  |TAMS 0x000000070f800000, 0x000000070f800000| Untracked 
|  82|0x000000070fa00000, 0x000000070fa00000, 0x000000070fc00000|  0%| F|  |TAMS 0x000000070fa00000, 0x000000070fa00000| Untracked 
|  83|0x000000070fc00000, 0x000000070fc00000, 0x000000070fe00000|  0%| F|  |TAMS 0x000000070fc00000, 0x000000070fc00000| Untracked 
|  84|0x000000070fe00000, 0x000000070fe00000, 0x0000000710000000|  0%| F|  |TAMS 0x000000070fe00000, 0x000000070fe00000| Untracked 
|  85|0x0000000710000000, 0x0000000710000000, 0x0000000710200000|  0%| F|  |TAMS 0x0000000710000000, 0x0000000710000000| Untracked 
|  86|0x0000000710200000, 0x0000000710200000, 0x0000000710400000|  0%| F|  |TAMS 0x0000000710200000, 0x0000000710200000| Untracked 
|  87|0x0000000710400000, 0x0000000710400000, 0x0000000710600000|  0%| F|  |TAMS 0x0000000710400000, 0x0000000710400000| Untracked 
|  88|0x0000000710600000, 0x0000000710600000, 0x0000000710800000|  0%| F|  |TAMS 0x0000000710600000, 0x0000000710600000| Untracked 
|  89|0x0000000710800000, 0x0000000710800000, 0x0000000710a00000|  0%| F|  |TAMS 0x0000000710800000, 0x0000000710800000| Untracked 
|  90|0x0000000710a00000, 0x0000000710a00000, 0x0000000710c00000|  0%| F|  |TAMS 0x0000000710a00000, 0x0000000710a00000| Untracked 
|  91|0x0000000710c00000, 0x0000000710c00000, 0x0000000710e00000|  0%| F|  |TAMS 0x0000000710c00000, 0x0000000710c00000| Untracked 
|  92|0x0000000710e00000, 0x0000000710e00000, 0x0000000711000000|  0%| F|  |TAMS 0x0000000710e00000, 0x0000000710e00000| Untracked 
|  93|0x0000000711000000, 0x0000000711000000, 0x0000000711200000|  0%| F|  |TAMS 0x0000000711000000, 0x0000000711000000| Untracked 
|  94|0x0000000711200000, 0x0000000711200000, 0x0000000711400000|  0%| F|  |TAMS 0x0000000711200000, 0x0000000711200000| Untracked 
|  95|0x0000000711400000, 0x0000000711400000, 0x0000000711600000|  0%| F|  |TAMS 0x0000000711400000, 0x0000000711400000| Untracked 
|  96|0x0000000711600000, 0x0000000711600000, 0x0000000711800000|  0%| F|  |TAMS 0x0000000711600000, 0x0000000711600000| Untracked 
|  97|0x0000000711800000, 0x0000000711800000, 0x0000000711a00000|  0%| F|  |TAMS 0x0000000711800000, 0x0000000711800000| Untracked 
|  98|0x0000000711a00000, 0x0000000711a00000, 0x0000000711c00000|  0%| F|  |TAMS 0x0000000711a00000, 0x0000000711a00000| Untracked 
|  99|0x0000000711c00000, 0x0000000711c00000, 0x0000000711e00000|  0%| F|  |TAMS 0x0000000711c00000, 0x0000000711c00000| Untracked 
| 100|0x0000000711e00000, 0x0000000711e00000, 0x0000000712000000|  0%| F|  |TAMS 0x0000000711e00000, 0x0000000711e00000| Untracked 
| 101|0x0000000712000000, 0x0000000712000000, 0x0000000712200000|  0%| F|  |TAMS 0x0000000712000000, 0x0000000712000000| Untracked 
| 102|0x0000000712200000, 0x0000000712200000, 0x0000000712400000|  0%| F|  |TAMS 0x0000000712200000, 0x0000000712200000| Untracked 
| 103|0x0000000712400000, 0x0000000712400000, 0x0000000712600000|  0%| F|  |TAMS 0x0000000712400000, 0x0000000712400000| Untracked 
| 104|0x0000000712600000, 0x0000000712600000, 0x0000000712800000|  0%| F|  |TAMS 0x0000000712600000, 0x0000000712600000| Untracked 
| 105|0x0000000712800000, 0x0000000712800000, 0x0000000712a00000|  0%| F|  |TAMS 0x0000000712800000, 0x0000000712800000| Untracked 
| 106|0x0000000712a00000, 0x0000000712a00000, 0x0000000712c00000|  0%| F|  |TAMS 0x0000000712a00000, 0x0000000712a00000| Untracked 
| 107|0x0000000712c00000, 0x0000000712c00000, 0x0000000712e00000|  0%| F|  |TAMS 0x0000000712c00000, 0x0000000712c00000| Untracked 
| 108|0x0000000712e00000, 0x0000000712e00000, 0x0000000713000000|  0%| F|  |TAMS 0x0000000712e00000, 0x0000000712e00000| Untracked 
| 109|0x0000000713000000, 0x0000000713000000, 0x0000000713200000|  0%| F|  |TAMS 0x0000000713000000, 0x0000000713000000| Untracked 
| 110|0x0000000713200000, 0x0000000713200000, 0x0000000713400000|  0%| F|  |TAMS 0x0000000713200000, 0x0000000713200000| Untracked 
| 111|0x0000000713400000, 0x0000000713400000, 0x0000000713600000|  0%| F|  |TAMS 0x0000000713400000, 0x0000000713400000| Untracked 
| 112|0x0000000713600000, 0x0000000713600000, 0x0000000713800000|  0%| F|  |TAMS 0x0000000713600000, 0x0000000713600000| Untracked 
| 113|0x0000000713800000, 0x0000000713800000, 0x0000000713a00000|  0%| F|  |TAMS 0x0000000713800000, 0x0000000713800000| Untracked 
| 114|0x0000000713a00000, 0x0000000713a00000, 0x0000000713c00000|  0%| F|  |TAMS 0x0000000713a00000, 0x0000000713a00000| Untracked 
| 115|0x0000000713c00000, 0x0000000713c00000, 0x0000000713e00000|  0%| F|  |TAMS 0x0000000713c00000, 0x0000000713c00000| Untracked 
| 116|0x0000000713e00000, 0x0000000713e00000, 0x0000000714000000|  0%| F|  |TAMS 0x0000000713e00000, 0x0000000713e00000| Untracked 
| 117|0x0000000714000000, 0x0000000714000000, 0x0000000714200000|  0%| F|  |TAMS 0x0000000714000000, 0x0000000714000000| Untracked 
| 118|0x0000000714200000, 0x0000000714400000, 0x0000000714400000|100%| S|CS|TAMS 0x0000000714200000, 0x0000000714200000| Complete 
| 119|0x0000000714400000, 0x0000000714600000, 0x0000000714600000|100%| S|CS|TAMS 0x0000000714400000, 0x0000000714400000| Complete 
| 120|0x0000000714600000, 0x0000000714800000, 0x0000000714800000|100%| S|CS|TAMS 0x0000000714600000, 0x0000000714600000| Complete 
| 121|0x0000000714800000, 0x0000000714a00000, 0x0000000714a00000|100%| S|CS|TAMS 0x0000000714800000, 0x0000000714800000| Complete 
| 122|0x0000000714a00000, 0x0000000714c00000, 0x0000000714c00000|100%| S|CS|TAMS 0x0000000714a00000, 0x0000000714a00000| Complete 
| 123|0x0000000714c00000, 0x0000000714c00000, 0x0000000714e00000|  0%| F|  |TAMS 0x0000000714c00000, 0x0000000714c00000| Untracked 
| 124|0x0000000714e00000, 0x0000000714e00000, 0x0000000715000000|  0%| F|  |TAMS 0x0000000714e00000, 0x0000000714e00000| Untracked 
| 125|0x0000000715000000, 0x0000000715000000, 0x0000000715200000|  0%| F|  |TAMS 0x0000000715000000, 0x0000000715000000| Untracked 
| 126|0x0000000715200000, 0x0000000715200000, 0x0000000715400000|  0%| F|  |TAMS 0x0000000715200000, 0x0000000715200000| Untracked 
| 127|0x0000000715400000, 0x0000000715400000, 0x0000000715600000|  0%| F|  |TAMS 0x0000000715400000, 0x0000000715400000| Untracked 
| 128|0x0000000715600000, 0x0000000715600000, 0x0000000715800000|  0%| F|  |TAMS 0x0000000715600000, 0x0000000715600000| Untracked 
| 129|0x0000000715800000, 0x0000000715800000, 0x0000000715a00000|  0%| F|  |TAMS 0x0000000715800000, 0x0000000715800000| Untracked 
| 130|0x0000000715a00000, 0x0000000715a00000, 0x0000000715c00000|  0%| F|  |TAMS 0x0000000715a00000, 0x0000000715a00000| Untracked 
| 131|0x0000000715c00000, 0x0000000715c00000, 0x0000000715e00000|  0%| F|  |TAMS 0x0000000715c00000, 0x0000000715c00000| Untracked 
| 132|0x0000000715e00000, 0x0000000715e00000, 0x0000000716000000|  0%| F|  |TAMS 0x0000000715e00000, 0x0000000715e00000| Untracked 
| 133|0x0000000716000000, 0x0000000716000000, 0x0000000716200000|  0%| F|  |TAMS 0x0000000716000000, 0x0000000716000000| Untracked 
| 134|0x0000000716200000, 0x0000000716300800, 0x0000000716400000| 50%| E|  |TAMS 0x0000000716200000, 0x0000000716200000| Complete 
| 135|0x0000000716400000, 0x0000000716600000, 0x0000000716600000|100%| E|CS|TAMS 0x0000000716400000, 0x0000000716400000| Complete 
| 136|0x0000000716600000, 0x0000000716800000, 0x0000000716800000|100%| E|CS|TAMS 0x0000000716600000, 0x0000000716600000| Complete 
| 137|0x0000000716800000, 0x0000000716a00000, 0x0000000716a00000|100%| E|CS|TAMS 0x0000000716800000, 0x0000000716800000| Complete 
| 138|0x0000000716a00000, 0x0000000716c00000, 0x0000000716c00000|100%| E|CS|TAMS 0x0000000716a00000, 0x0000000716a00000| Complete 
| 139|0x0000000716c00000, 0x0000000716e00000, 0x0000000716e00000|100%| E|CS|TAMS 0x0000000716c00000, 0x0000000716c00000| Complete 
| 140|0x0000000716e00000, 0x0000000717000000, 0x0000000717000000|100%| E|CS|TAMS 0x0000000716e00000, 0x0000000716e00000| Complete 
| 141|0x0000000717000000, 0x0000000717200000, 0x0000000717200000|100%| E|CS|TAMS 0x0000000717000000, 0x0000000717000000| Complete 
| 142|0x0000000717200000, 0x0000000717400000, 0x0000000717400000|100%| E|CS|TAMS 0x0000000717200000, 0x0000000717200000| Complete 
| 143|0x0000000717400000, 0x0000000717600000, 0x0000000717600000|100%| E|CS|TAMS 0x0000000717400000, 0x0000000717400000| Complete 
| 144|0x0000000717600000, 0x0000000717800000, 0x0000000717800000|100%| E|CS|TAMS 0x0000000717600000, 0x0000000717600000| Complete 
| 145|0x0000000717800000, 0x0000000717a00000, 0x0000000717a00000|100%| E|CS|TAMS 0x0000000717800000, 0x0000000717800000| Complete 
| 146|0x0000000717a00000, 0x0000000717c00000, 0x0000000717c00000|100%| E|CS|TAMS 0x0000000717a00000, 0x0000000717a00000| Complete 
| 147|0x0000000717c00000, 0x0000000717e00000, 0x0000000717e00000|100%| E|CS|TAMS 0x0000000717c00000, 0x0000000717c00000| Complete 
| 148|0x0000000717e00000, 0x0000000718000000, 0x0000000718000000|100%| E|CS|TAMS 0x0000000717e00000, 0x0000000717e00000| Complete 

Card table byte_map: [0x000001f5a1ce0000,0x000001f5a24c0000] _byte_map_base: 0x000001f59e4b5000

Marking Bits (Prev, Next): (CMBitMap*) 0x000001f58cc80d20, (CMBitMap*) 0x000001f58cc80d60
 Prev Bits: [0x000001f5a2ca0000, 0x000001f5a6b48000)
 Next Bits: [0x000001f5a6b50000, 0x000001f5aa9f8000)

Polling page: 0x000001f591a70000

Metaspace:

Usage:
  Non-class:     58.31 MB used.
      Class:      6.87 MB used.
       Both:     65.19 MB used.

Virtual space:
  Non-class space:       64.00 MB reserved,      58.44 MB ( 91%) committed,  8 nodes.
      Class space:        1.00 GB reserved,       7.06 MB ( <1%) committed,  1 nodes.
             Both:        1.06 GB reserved,      65.50 MB (  6%) committed. 

Chunk freelists:
   Non-Class:  1.48 MB
       Class:  1008.00 KB
        Both:  2.47 MB

MaxMetaspaceSize: unlimited
CompressedClassSpaceSize: 1.00 GB
Initial GC threshold: 21.00 MB
Current GC threshold: 91.25 MB
CDS: off
MetaspaceReclaimPolicy: balanced
 - commit_granule_bytes: 65536.
 - commit_granule_words: 8192.
 - virtual_space_node_default_size: 1048576.
 - enlarge_chunks_in_place: 1.
 - new_chunks_are_fully_committed: 0.
 - uncommit_free_chunks: 1.
 - use_allocation_guard: 0.
 - handle_deallocations: 1.


Internal statistics:

num_allocs_failed_limit: 6.
num_arena_births: 332.
num_arena_deaths: 2.
num_vsnodes_births: 9.
num_vsnodes_deaths: 0.
num_space_committed: 1043.
num_space_uncommitted: 0.
num_chunks_returned_to_freelist: 8.
num_chunks_taken_from_freelist: 1959.
num_chunk_merges: 6.
num_chunk_splits: 1467.
num_chunks_enlarged: 1195.
num_purges: 2.
num_inconsistent_stats: 0.

CodeHeap 'non-profiled nmethods': size=120000Kb used=3880Kb max_used=3880Kb free=116119Kb
 bounds [0x000001f599560000, 0x000001f599930000, 0x000001f5a0a90000]
CodeHeap 'profiled nmethods': size=120000Kb used=12390Kb max_used=12489Kb free=107609Kb
 bounds [0x000001f592030000, 0x000001f592c80000, 0x000001f599560000]
CodeHeap 'non-nmethods': size=5760Kb used=1511Kb max_used=1546Kb free=4248Kb
 bounds [0x000001f591a90000, 0x000001f591d00000, 0x000001f592030000]
 total_blobs=6744 nmethods=5867 adapters=789
 compilation: enabled
              stopped_count=0, restarted_count=0
 full_count=0

Compilation events (20 events):
Event: 85.524 Thread 0x000001f5ae076130 nmethod 6777 0x000001f59991eb90 code [0x000001f59991ed20, 0x000001f59991f058]
Event: 85.524 Thread 0x000001f5ae076130 6780       4       com.spire.ms.System.Collections.SortedList::spr\u2582\u2520 (79 bytes)
Event: 85.529 Thread 0x000001f5ae076130 nmethod 6780 0x000001f59991f390 code [0x000001f59991f520, 0x000001f59991fa78]
Event: 85.529 Thread 0x000001f5ae076130 6782       4       com.spire.ms.System.Collections.Hashtable::spr\u215b\u2527 (152 bytes)
Event: 85.534 Thread 0x000001f5ae08ba90 6783       3       com.spire.xls.packages.sprpyba::<init> (28 bytes)
Event: 85.534 Thread 0x000001f5ae08ba90 nmethod 6783 0x000001f5927cfa10 code [0x000001f5927cfbc0, 0x000001f5927cfdc8]
Event: 85.534 Thread 0x000001f5ae08ba90 6784       3       com.spire.xls.packages.sprpyba::reset (31 bytes)
Event: 85.534 Thread 0x000001f5ae076130 nmethod 6782 0x000001f59991fd90 code [0x000001f59991ff20, 0x000001f599920478]
Event: 85.534 Thread 0x000001f5ae08ba90 nmethod 6784 0x000001f5927cf690 code [0x000001f5927cf820, 0x000001f5927cf998]
Event: 85.534 Thread 0x000001f5ae08ba90 6785       3       com.spire.ms.System.Collections.SortedList::<init> (54 bytes)
Event: 85.534 Thread 0x000001f5ae076130 6779       4       com.spire.ms.System.Collections.SortedList::spr\u215a\u2528 (143 bytes)
Event: 85.535 Thread 0x000001f5ae08ba90 nmethod 6785 0x000001f5927cef90 code [0x000001f5927cf160, 0x000001f5927cf508]
Event: 85.535 Thread 0x000001f5ae08ba90 6786       3       com.spire.ms.System.Collections.Hashtable$ReadOnlyItemCollection::<init> (15 bytes)
Event: 85.535 Thread 0x000001f5ae08ba90 nmethod 6786 0x000001f5927cea90 code [0x000001f5927cec40, 0x000001f5927cee78]
Event: 85.535 Thread 0x000001f5ae08ba90 6787       3       com.spire.ms.System.Collections.Hashtable$ReadOnlyItemCollection::iterator (8 bytes)
Event: 85.535 Thread 0x000001f5ae08ba90 nmethod 6787 0x000001f5920b8a10 code [0x000001f5920b8bc0, 0x000001f5920b8fa8]
Event: 85.536 Thread 0x000001f5ae3423e0 nmethod 6757 0x000001f599920710 code [0x000001f599920900, 0x000001f5999214e8]
Event: 85.536 Thread 0x000001f5ae3423e0 6781       4       com.spire.xls.packages.sprvwh::<init> (48 bytes)
Event: 85.541 Thread 0x000001f5ae08ba90 6791       3       com.spire.xls.packages.spronh::<init> (5 bytes)
Event: 85.542 Thread 0x000001f5ae08ba90 nmethod 6791 0x000001f5920b8690 code [0x000001f5920b8820, 0x000001f5920b8978]

GC Heap History (20 events):
Event: 83.707 GC heap before
{Heap before GC invocations=13 (full 0):
 garbage-first heap   total 75776K, used 56720K [0x0000000705600000, 0x0000000800000000)
  region size 2048K, 17 young (34816K), 1 survivors (2048K)
 Metaspace       used 54636K, committed 54912K, reserved 1097728K
  class space    used 5749K, committed 5888K, reserved 1048576K
}
Event: 83.709 GC heap after
{Heap after GC invocations=14 (full 0):
 garbage-first heap   total 75776K, used 27019K [0x0000000705600000, 0x0000000800000000)
  region size 2048K, 2 young (4096K), 2 survivors (4096K)
 Metaspace       used 54636K, committed 54912K, reserved 1097728K
  class space    used 5749K, committed 5888K, reserved 1048576K
}
Event: 83.874 GC heap before
{Heap before GC invocations=14 (full 0):
 garbage-first heap   total 75776K, used 57739K [0x0000000705600000, 0x0000000800000000)
  region size 2048K, 17 young (34816K), 2 survivors (4096K)
 Metaspace       used 55724K, committed 56000K, reserved 1105920K
  class space    used 5839K, committed 5952K, reserved 1048576K
}
Event: 83.881 GC heap after
{Heap after GC invocations=15 (full 0):
 garbage-first heap   total 75776K, used 37576K [0x0000000705600000, 0x0000000800000000)
  region size 2048K, 3 young (6144K), 3 survivors (6144K)
 Metaspace       used 55724K, committed 56000K, reserved 1105920K
  class space    used 5839K, committed 5952K, reserved 1048576K
}
Event: 83.914 GC heap before
{Heap before GC invocations=15 (full 0):
 garbage-first heap   total 75776K, used 51912K [0x0000000705600000, 0x0000000800000000)
  region size 2048K, 11 young (22528K), 3 survivors (6144K)
 Metaspace       used 55724K, committed 56000K, reserved 1105920K
  class space    used 5839K, committed 5952K, reserved 1048576K
}
Event: 83.918 GC heap after
{Heap after GC invocations=16 (full 0):
 garbage-first heap   total 75776K, used 41541K [0x0000000705600000, 0x0000000800000000)
  region size 2048K, 2 young (4096K), 2 survivors (4096K)
 Metaspace       used 55724K, committed 56000K, reserved 1105920K
  class space    used 5839K, committed 5952K, reserved 1048576K
}
Event: 83.945 GC heap before
{Heap before GC invocations=16 (full 0):
 garbage-first heap   total 75776K, used 55877K [0x0000000705600000, 0x0000000800000000)
  region size 2048K, 9 young (18432K), 2 survivors (4096K)
 Metaspace       used 55740K, committed 56064K, reserved 1105920K
  class space    used 5839K, committed 5952K, reserved 1048576K
}
Event: 83.948 GC heap after
{Heap after GC invocations=17 (full 0):
 garbage-first heap   total 75776K, used 44835K [0x0000000705600000, 0x0000000800000000)
  region size 2048K, 2 young (4096K), 2 survivors (4096K)
 Metaspace       used 55740K, committed 56064K, reserved 1105920K
  class space    used 5839K, committed 5952K, reserved 1048576K
}
Event: 83.995 GC heap before
{Heap before GC invocations=18 (full 0):
 garbage-first heap   total 96256K, used 57123K [0x0000000705600000, 0x0000000800000000)
  region size 2048K, 7 young (14336K), 2 survivors (4096K)
 Metaspace       used 55739K, committed 56064K, reserved 1105920K
  class space    used 5838K, committed 5952K, reserved 1048576K
}
Event: 83.997 GC heap after
{Heap after GC invocations=19 (full 0):
 garbage-first heap   total 96256K, used 49303K [0x0000000705600000, 0x0000000800000000)
  region size 2048K, 1 young (2048K), 1 survivors (2048K)
 Metaspace       used 55739K, committed 56064K, reserved 1105920K
  class space    used 5838K, committed 5952K, reserved 1048576K
}
Event: 84.033 GC heap before
{Heap before GC invocations=19 (full 0):
 garbage-first heap   total 96256K, used 69783K [0x0000000705600000, 0x0000000800000000)
  region size 2048K, 11 young (22528K), 1 survivors (2048K)
 Metaspace       used 55739K, committed 56064K, reserved 1105920K
  class space    used 5838K, committed 5952K, reserved 1048576K
}
Event: 84.038 GC heap after
{Heap after GC invocations=20 (full 0):
 garbage-first heap   total 96256K, used 60234K [0x0000000705600000, 0x0000000800000000)
  region size 2048K, 2 young (4096K), 2 survivors (4096K)
 Metaspace       used 55739K, committed 56064K, reserved 1105920K
  class space    used 5838K, committed 5952K, reserved 1048576K
}
Event: 84.060 GC heap before
{Heap before GC invocations=20 (full 0):
 garbage-first heap   total 96256K, used 70474K [0x0000000705600000, 0x0000000800000000)
  region size 2048K, 7 young (14336K), 2 survivors (4096K)
 Metaspace       used 55739K, committed 56064K, reserved 1105920K
  class space    used 5838K, committed 5952K, reserved 1048576K
}
Event: 84.064 GC heap after
{Heap after GC invocations=21 (full 0):
 garbage-first heap   total 96256K, used 66424K [0x0000000705600000, 0x0000000800000000)
  region size 2048K, 1 young (2048K), 1 survivors (2048K)
 Metaspace       used 55739K, committed 56064K, reserved 1105920K
  class space    used 5838K, committed 5952K, reserved 1048576K
}
Event: 84.076 GC heap before
{Heap before GC invocations=21 (full 0):
 garbage-first heap   total 116736K, used 72568K [0x0000000705600000, 0x0000000800000000)
  region size 2048K, 4 young (8192K), 1 survivors (2048K)
 Metaspace       used 55739K, committed 56064K, reserved 1105920K
  class space    used 5838K, committed 5952K, reserved 1048576K
}
Event: 84.080 GC heap after
{Heap after GC invocations=22 (full 0):
 garbage-first heap   total 305152K, used 71678K [0x0000000705600000, 0x0000000800000000)
  region size 2048K, 1 young (2048K), 1 survivors (2048K)
 Metaspace       used 55739K, committed 56064K, reserved 1105920K
  class space    used 5838K, committed 5952K, reserved 1048576K
}
Event: 84.325 GC heap before
{Heap before GC invocations=23 (full 0):
 garbage-first heap   total 305152K, used 190462K [0x0000000705600000, 0x0000000800000000)
  region size 2048K, 58 young (118784K), 1 survivors (2048K)
 Metaspace       used 55749K, committed 56064K, reserved 1105920K
  class space    used 5838K, committed 5952K, reserved 1048576K
}
Event: 84.361 GC heap after
{Heap after GC invocations=24 (full 0):
 garbage-first heap   total 305152K, used 139214K [0x0000000705600000, 0x0000000800000000)
  region size 2048K, 8 young (16384K), 8 survivors (16384K)
 Metaspace       used 55749K, committed 56064K, reserved 1105920K
  class space    used 5838K, committed 5952K, reserved 1048576K
}
Event: 85.374 GC heap before
{Heap before GC invocations=24 (full 0):
 garbage-first heap   total 305152K, used 192462K [0x0000000705600000, 0x0000000800000000)
  region size 2048K, 34 young (69632K), 8 survivors (16384K)
 Metaspace       used 66589K, committed 66880K, reserved 1114112K
  class space    used 7033K, committed 7168K, reserved 1048576K
}
Event: 85.385 GC heap after
{Heap after GC invocations=25 (full 0):
 garbage-first heap   total 305152K, used 149496K [0x0000000705600000, 0x0000000800000000)
  region size 2048K, 5 young (10240K), 5 survivors (10240K)
 Metaspace       used 66589K, committed 66880K, reserved 1114112K
  class space    used 7033K, committed 7168K, reserved 1048576K
}

Deoptimization events (20 events):
Event: 85.392 Thread 0x000001f5afbce030 Uncommon trap: trap_request=0xffffff45 fr.pc=0x000001f5998e8804 relative=0x0000000000000464
Event: 85.392 Thread 0x000001f5afbce030 Uncommon trap: reason=unstable_if action=reinterpret pc=0x000001f5998e8804 method=java.lang.AbstractStringBuilder.charAt(I)C @ 12 c2
Event: 85.392 Thread 0x000001f5afbce030 DEOPT PACKING pc=0x000001f5998e8804 sp=0x0000002a9d1fcc20
Event: 85.392 Thread 0x000001f5afbce030 DEOPT UNPACKING pc=0x000001f591ae5c23 sp=0x0000002a9d1fca40 mode 2
Event: 85.392 Thread 0x000001f5afbce030 Uncommon trap: trap_request=0xffffff45 fr.pc=0x000001f5998e7ed0 relative=0x0000000000000430
Event: 85.392 Thread 0x000001f5afbce030 Uncommon trap: reason=unstable_if action=reinterpret pc=0x000001f5998e7ed0 method=java.lang.AbstractStringBuilder.charAt(I)C @ 12 c2
Event: 85.392 Thread 0x000001f5afbce030 DEOPT PACKING pc=0x000001f5998e7ed0 sp=0x0000002a9d1fcbb0
Event: 85.392 Thread 0x000001f5afbce030 DEOPT UNPACKING pc=0x000001f591ae5c23 sp=0x0000002a9d1fca38 mode 2
Event: 85.411 Thread 0x000001f5afbce030 Uncommon trap: trap_request=0xffffff45 fr.pc=0x000001f5998ea88c relative=0x00000000000001cc
Event: 85.411 Thread 0x000001f5afbce030 Uncommon trap: reason=unstable_if action=reinterpret pc=0x000001f5998ea88c method=com.spire.xls.packages.sprbiw.spr⌭⌫﻿—([BII)I @ 47 c2
Event: 85.411 Thread 0x000001f5afbce030 DEOPT PACKING pc=0x000001f5998ea88c sp=0x0000002a9d1fced0
Event: 85.411 Thread 0x000001f5afbce030 DEOPT UNPACKING pc=0x000001f591ae5c23 sp=0x0000002a9d1fcd88 mode 2
Event: 85.411 Thread 0x000001f5afbce030 Uncommon trap: trap_request=0xffffff45 fr.pc=0x000001f5998ea244 relative=0x00000000000001a4
Event: 85.411 Thread 0x000001f5afbce030 Uncommon trap: reason=unstable_if action=reinterpret pc=0x000001f5998ea244 method=com.spire.xls.packages.sprbiw.spr⌭⌫﻿—([BII)I @ 47 c2
Event: 85.411 Thread 0x000001f5afbce030 DEOPT PACKING pc=0x000001f5998ea244 sp=0x0000002a9d1fcde0
Event: 85.411 Thread 0x000001f5afbce030 DEOPT UNPACKING pc=0x000001f591ae5c23 sp=0x0000002a9d1fcd90 mode 2
Event: 85.545 Thread 0x000001f5afbce030 Uncommon trap: trap_request=0xffffff45 fr.pc=0x000001f599918d54 relative=0x00000000000034d4
Event: 85.545 Thread 0x000001f5afbce030 Uncommon trap: reason=unstable_if action=reinterpret pc=0x000001f599918d54 method=java.text.RuleBasedCollator.compare(Ljava/lang/String;Ljava/lang/String;)I @ 381 c2
Event: 85.545 Thread 0x000001f5afbce030 DEOPT PACKING pc=0x000001f599918d54 sp=0x0000002a9d1fd770
Event: 85.545 Thread 0x000001f5afbce030 DEOPT UNPACKING pc=0x000001f591ae5c23 sp=0x0000002a9d1fd700 mode 2

Classes unloaded (1 events):
Event: 83.964 Thread 0x000001f5ad4eef50 Unloading class 0x0000000800410800 'java/lang/invoke/LambdaForm$DMH+0x0000000800410800'

Classes redefined (0 events):
No events

Internal exceptions (20 events):
Event: 9.041 Thread 0x000001f5afbce030 Exception <a 'java/lang/NoSuchMethodError'{0x0000000709759ee8}: 'long java.lang.invoke.DirectMethodHandle$Holder.invokeVirtual(java.lang.Object, java.lang.Object)'> (0x0000000709759ee8) 
thrown [e:\jenkins\tmp\workspace\build\src\src\hotspot\share\interpreter\linkResolver.cpp, line 766]
Event: 9.043 Thread 0x000001f5afbce030 Exception <a 'java/lang/NoSuchMethodError'{0x0000000709786970}: 'java.lang.Object java.lang.invoke.DirectMethodHandle$Holder.invokeVirtual(java.lang.Object, java.lang.Object, java.lang.Object)'> (0x0000000709786970) 
thrown [e:\jenkins\tmp\workspace\build\src\src\hotspot\share\interpreter\linkResolver.cpp, line 766]
Event: 9.063 Thread 0x000001f5afbce030 Exception <a 'java/lang/NoSuchMethodError'{0x00000007094ce610}: 'void java.lang.invoke.DirectMethodHandle$Holder.invokeSpecial(java.lang.Object, java.lang.Object, java.lang.Object, java.lang.Object, java.lang.Object)'> (0x00000007094ce610) 
thrown [e:\jenkins\tmp\workspace\build\src\src\hotspot\share\interpreter\linkResolver.cpp, line 766]
Event: 9.095 Thread 0x000001f5afbce030 Exception <a 'java/lang/NoSuchMethodError'{0x000000071500f798}: 'void java.lang.invoke.DirectMethodHandle$Holder.invokeInterface(java.lang.Object, java.lang.Object, java.lang.Object)'> (0x000000071500f798) 
thrown [e:\jenkins\tmp\workspace\build\src\src\hotspot\share\interpreter\linkResolver.cpp, line 766]
Event: 9.095 Thread 0x000001f5aef67500 Exception <a 'java/lang/NoSuchMethodError'{0x0000000715078198}: 'void java.lang.invoke.DirectMethodHandle$Holder.invokeInterface(java.lang.Object, java.lang.Object, java.lang.Object)'> (0x0000000715078198) 
thrown [e:\jenkins\tmp\workspace\build\src\src\hotspot\share\interpreter\linkResolver.cpp, line 766]
Event: 9.187 Thread 0x000001f5afbce030 Exception <a 'java/lang/NoSuchMethodError'{0x00000007149075b8}: 'void java.lang.invoke.DirectMethodHandle$Holder.invokeStatic(java.lang.Object, java.lang.Object, java.lang.Object, java.lang.Object)'> (0x00000007149075b8) 
thrown [e:\jenkins\tmp\workspace\build\src\src\hotspot\share\interpreter\linkResolver.cpp, line 766]
Event: 16.817 Thread 0x000001f5afbce030 Exception <a 'java/lang/NoSuchMethodError'{0x000000070990e740}: 'java.lang.Object java.lang.invoke.DirectMethodHandle$Holder.invokeSpecialIFC(java.lang.Object, java.lang.Object, java.lang.Object)'> (0x000000070990e740) 
thrown [e:\jenkins\tmp\workspace\build\src\src\hotspot\share\interpreter\linkResolver.cpp, line 766]
Event: 16.830 Thread 0x000001f5afbce030 Exception <a 'java/lang/ClassNotFoundException'{0x000000070998dd10}: sun/util/logging/resources/spi/loggingProvider> (0x000000070998dd10) 
thrown [e:\jenkins\tmp\workspace\build\src\src\hotspot\share\classfile\systemDictionary.cpp, line 256]
Event: 16.846 Thread 0x000001f5afbce030 Exception <a 'java/lang/NoSuchMethodError'{0x000000070960d3d0}: 'java.lang.Object java.lang.invoke.Invokers$Holder.invoke_MT(java.lang.Object, java.lang.Object, java.lang.Object, java.lang.Object, java.lang.Object)'> (0x000000070960d3d0) 
thrown [e:\jenkins\tmp\workspace\build\src\src\hotspot\share\interpreter\linkResolver.cpp, line 766]
Event: 16.846 Thread 0x000001f5afbce030 Exception <a 'java/lang/NoSuchMethodError'{0x0000000709611790}: 'void java.lang.invoke.Invokers$Holder.invokeExact_MT(java.lang.Object, java.lang.Object, java.lang.Object, java.lang.Object, java.lang.Object)'> (0x0000000709611790) 
thrown [e:\jenkins\tmp\workspace\build\src\src\hotspot\share\interpreter\linkResolver.cpp, line 766]
Event: 16.890 Thread 0x000001f5afbce030 Exception <a 'java/lang/NoSuchMethodError'{0x00000007096c7238}: 'java.lang.Object java.lang.invoke.DirectMethodHandle$Holder.invokeSpecialIFC(java.lang.Object, java.lang.Object)'> (0x00000007096c7238) 
thrown [e:\jenkins\tmp\workspace\build\src\src\hotspot\share\interpreter\linkResolver.cpp, line 766]
Event: 17.368 Thread 0x000001f5afbce030 Exception <a 'java/lang/ClassNotFoundException'{0x0000000715077eb0}: com/sun/org/apache/xml/internal/serializer/spi/XMLEntitiesProvider> (0x0000000715077eb0) 
thrown [e:\jenkins\tmp\workspace\build\src\src\hotspot\share\classfile\systemDictionary.cpp, line 256]
Event: 17.525 Thread 0x000001f5afbce030 Exception <a 'java/io/FileNotFoundException'{0x000000070983b690}> (0x000000070983b690) 
thrown [e:\jenkins\tmp\workspace\build\src\src\hotspot\share\prims\jni.cpp, line 516]
Event: 17.653 Thread 0x000001f5afbce030 Exception <a 'java/lang/NoSuchMethodError'{0x0000000709576e20}: 'void java.lang.invoke.DirectMethodHandle$Holder.invokeVirtual(java.lang.Object, java.lang.Object)'> (0x0000000709576e20) 
thrown [e:\jenkins\tmp\workspace\build\src\src\hotspot\share\interpreter\linkResolver.cpp, line 766]
Event: 31.625 Thread 0x000001f5afbce030 Exception <a 'java/lang/ClassNotFoundException'{0x0000000708d55058}: sun/misc/SharedSecrets> (0x0000000708d55058) 
thrown [e:\jenkins\tmp\workspace\build\src\src\hotspot\share\classfile\systemDictionary.cpp, line 256]
Event: 79.352 Thread 0x000001f5afbce030 Implicit null exception at 0x000001f59986d18b to 0x000001f59986d8f8
Event: 83.383 Thread 0x000001f5afbce030 Exception <a 'java/lang/ClassNotFoundException'{0x0000000709036f30}: sun/awt/resources/spi/awtProvider> (0x0000000709036f30) 
thrown [e:\jenkins\tmp\workspace\build\src\src\hotspot\share\classfile\systemDictionary.cpp, line 256]
Event: 83.387 Thread 0x000001f5afbce030 Exception <a 'java/io/FileNotFoundException'{0x0000000709039820}> (0x0000000709039820) 
thrown [e:\jenkins\tmp\workspace\build\src\src\hotspot\share\prims\jni.cpp, line 516]
Event: 83.387 Thread 0x000001f5afbce030 Exception <a 'java/io/FileNotFoundException'{0x000000070903af40}> (0x000000070903af40) 
thrown [e:\jenkins\tmp\workspace\build\src\src\hotspot\share\prims\jni.cpp, line 516]
Event: 83.436 Thread 0x000001f5afbce030 Exception <a 'java/lang/NoSuchMethodError'{0x000000070909f448}: 'void java.lang.invoke.DirectMethodHandle$Holder.invokeStaticInit(java.lang.Object)'> (0x000000070909f448) 
thrown [e:\jenkins\tmp\workspace\build\src\src\hotspot\share\interpreter\linkResolver.cpp, line 766]

VM Operations (20 events):
Event: 84.680 Executing VM operation: HandshakeAllThreads
Event: 84.680 Executing VM operation: HandshakeAllThreads done
Event: 84.795 Executing VM operation: HandshakeAllThreads
Event: 84.795 Executing VM operation: HandshakeAllThreads done
Event: 84.875 Executing VM operation: HandshakeAllThreads
Event: 84.875 Executing VM operation: HandshakeAllThreads done
Event: 85.065 Executing VM operation: HandshakeAllThreads
Event: 85.065 Executing VM operation: HandshakeAllThreads done
Event: 85.162 Executing VM operation: HandshakeAllThreads
Event: 85.162 Executing VM operation: HandshakeAllThreads done
Event: 85.162 Executing VM operation: HandshakeAllThreads
Event: 85.162 Executing VM operation: HandshakeAllThreads done
Event: 85.362 Executing VM operation: HandshakeAllThreads
Event: 85.362 Executing VM operation: HandshakeAllThreads done
Event: 85.362 Executing VM operation: Cleanup
Event: 85.363 Executing VM operation: Cleanup done
Event: 85.364 Executing VM operation: HandshakeAllThreads
Event: 85.364 Executing VM operation: HandshakeAllThreads done
Event: 85.374 Executing VM operation: G1CollectForAllocation
Event: 85.385 Executing VM operation: G1CollectForAllocation done

Events (20 events):
Event: 85.126 loading class sun/awt/geom/Order1 done
Event: 85.126 loading class sun/awt/geom/AreaOp$NZWindOp
Event: 85.126 loading class sun/awt/geom/AreaOp
Event: 85.126 loading class sun/awt/geom/AreaOp done
Event: 85.126 loading class sun/awt/geom/AreaOp$NZWindOp done
Event: 85.126 loading class sun/awt/geom/AreaOp$1
Event: 85.126 loading class sun/awt/geom/AreaOp$1 done
Event: 85.127 loading class sun/awt/geom/CurveLink
Event: 85.127 loading class sun/awt/geom/CurveLink done
Event: 85.127 loading class sun/awt/geom/ChainEnd
Event: 85.127 loading class sun/awt/geom/ChainEnd done
Event: 85.127 loading class sun/awt/geom/Edge
Event: 85.127 loading class sun/awt/geom/Edge done
Event: 85.155 loading class java/io/RandomAccessFile$1
Event: 85.155 loading class java/io/RandomAccessFile$1 done
Event: 85.168 Thread 0x000001f5ae095460 flushing nmethod 0x000001f592789a10
Event: 85.366 loading class java/text/RuleBasedCollationKey
Event: 85.366 loading class java/text/CollationKey
Event: 85.366 loading class java/text/CollationKey done
Event: 85.366 loading class java/text/RuleBasedCollationKey done


Dynamic libraries:
0x00007ff65a450000 - 0x00007ff65a45e000 	C:\eclipse\plugins\org.eclipse.justj.openjdk.hotspot.jre.full.win32.x86_64_17.0.3.v20220515-1416\jre\bin\javaw.exe
0x00007ff8dc570000 - 0x00007ff8dc767000 	C:\Windows\SYSTEM32\ntdll.dll
0x00007ff8da890000 - 0x00007ff8da94d000 	C:\Windows\System32\KERNEL32.DLL
0x00007ff8d9e10000 - 0x00007ff8da106000 	C:\Windows\System32\KERNELBASE.dll
0x00007ff8da1a0000 - 0x00007ff8da2a0000 	C:\Windows\System32\ucrtbase.dll
0x00007ff8c8940000 - 0x00007ff8c8958000 	C:\eclipse\plugins\org.eclipse.justj.openjdk.hotspot.jre.full.win32.x86_64_17.0.3.v20220515-1416\jre\bin\jli.dll
0x00007ff8c5fd0000 - 0x00007ff8c5fe9000 	C:\eclipse\plugins\org.eclipse.justj.openjdk.hotspot.jre.full.win32.x86_64_17.0.3.v20220515-1416\jre\bin\VCRUNTIME140.dll
0x00007ff8da5d0000 - 0x00007ff8da76e000 	C:\Windows\System32\USER32.dll
0x00007ff8da5a0000 - 0x00007ff8da5c2000 	C:\Windows\System32\win32u.dll
0x00007ff8c74e0000 - 0x00007ff8c777a000 	C:\Windows\WinSxS\amd64_microsoft.windows.common-controls_6595b64144ccf1df_6.0.19041.3570_none_60bb2a3971f3e41a\COMCTL32.dll
0x00007ff8dc140000 - 0x00007ff8dc16c000 	C:\Windows\System32\GDI32.dll
0x00007ff8da790000 - 0x00007ff8da82e000 	C:\Windows\System32\msvcrt.dll
0x00007ff8d9c50000 - 0x00007ff8d9d6a000 	C:\Windows\System32\gdi32full.dll
0x00007ff8d9d70000 - 0x00007ff8d9e0d000 	C:\Windows\System32\msvcp_win.dll
0x00007ff8dbee0000 - 0x00007ff8dbf10000 	C:\Windows\System32\IMM32.DLL
0x00007ff8c9ed0000 - 0x00007ff8c9edc000 	C:\eclipse\plugins\org.eclipse.justj.openjdk.hotspot.jre.full.win32.x86_64_17.0.3.v20220515-1416\jre\bin\vcruntime140_1.dll
0x00007ff8bc9c0000 - 0x00007ff8bca51000 	C:\eclipse\plugins\org.eclipse.justj.openjdk.hotspot.jre.full.win32.x86_64_17.0.3.v20220515-1416\jre\bin\msvcp140.dll
0x00007ff87e2f0000 - 0x00007ff87ef38000 	C:\eclipse\plugins\org.eclipse.justj.openjdk.hotspot.jre.full.win32.x86_64_17.0.3.v20220515-1416\jre\bin\server\jvm.dll
0x00007ff8dc090000 - 0x00007ff8dc13e000 	C:\Windows\System32\ADVAPI32.dll
0x00007ff8dc490000 - 0x00007ff8dc52c000 	C:\Windows\System32\sechost.dll
0x00007ff8dba50000 - 0x00007ff8dbb76000 	C:\Windows\System32\RPCRT4.dll
0x00007ff8dc470000 - 0x00007ff8dc478000 	C:\Windows\System32\PSAPI.DLL
0x00007ff8caa90000 - 0x00007ff8caab7000 	C:\Windows\SYSTEM32\WINMM.dll
0x00007ff8c07b0000 - 0x00007ff8c07b9000 	C:\Windows\SYSTEM32\WSOCK32.dll
0x00007ff8d1fc0000 - 0x00007ff8d1fca000 	C:\Windows\SYSTEM32\VERSION.dll
0x00007ff8dc020000 - 0x00007ff8dc08b000 	C:\Windows\System32\WS2_32.dll
0x00007ff8d8470000 - 0x00007ff8d8482000 	C:\Windows\SYSTEM32\kernel.appcore.dll
0x00007ff8d5090000 - 0x00007ff8d509a000 	C:\eclipse\plugins\org.eclipse.justj.openjdk.hotspot.jre.full.win32.x86_64_17.0.3.v20220515-1416\jre\bin\jimage.dll
0x00007ff8d7a90000 - 0x00007ff8d7c74000 	C:\Windows\SYSTEM32\DBGHELP.DLL
0x00007ff8bf000000 - 0x00007ff8bf034000 	C:\Windows\SYSTEM32\dbgcore.DLL
0x00007ff8da110000 - 0x00007ff8da192000 	C:\Windows\System32\bcryptPrimitives.dll
0x00007ff8ac070000 - 0x00007ff8ac095000 	C:\eclipse\plugins\org.eclipse.justj.openjdk.hotspot.jre.full.win32.x86_64_17.0.3.v20220515-1416\jre\bin\java.dll
0x00007ff8abf40000 - 0x00007ff8abf58000 	C:\eclipse\plugins\org.eclipse.justj.openjdk.hotspot.jre.full.win32.x86_64_17.0.3.v20220515-1416\jre\bin\zip.dll
0x00007ff8dae80000 - 0x00007ff8db5c4000 	C:\Windows\System32\SHELL32.dll
0x00007ff8d7c90000 - 0x00007ff8d842b000 	C:\Windows\SYSTEM32\windows.storage.dll
0x00007ff8dbb80000 - 0x00007ff8dbed4000 	C:\Windows\System32\combase.dll
0x00007ff8d94e0000 - 0x00007ff8d950d000 	C:\Windows\SYSTEM32\Wldp.dll
0x00007ff8dbf70000 - 0x00007ff8dc01d000 	C:\Windows\System32\SHCORE.dll
0x00007ff8da830000 - 0x00007ff8da885000 	C:\Windows\System32\shlwapi.dll
0x00007ff8d9b80000 - 0x00007ff8d9ba5000 	C:\Windows\SYSTEM32\profapi.dll
0x00007ff89cd10000 - 0x00007ff89cd29000 	C:\eclipse\plugins\org.eclipse.justj.openjdk.hotspot.jre.full.win32.x86_64_17.0.3.v20220515-1416\jre\bin\net.dll
0x00007ff8d43c0000 - 0x00007ff8d44ca000 	C:\Windows\SYSTEM32\WINHTTP.dll
0x00007ff8d92c0000 - 0x00007ff8d932a000 	C:\Windows\system32\mswsock.dll
0x00007ff89ccf0000 - 0x00007ff89cd05000 	C:\eclipse\plugins\org.eclipse.justj.openjdk.hotspot.jre.full.win32.x86_64_17.0.3.v20220515-1416\jre\bin\nio.dll
0x00007ff8c9ea0000 - 0x00007ff8c9eb0000 	C:\eclipse\plugins\org.eclipse.justj.openjdk.hotspot.jre.full.win32.x86_64_17.0.3.v20220515-1416\jre\bin\verify.dll
0x00007ff8d9010000 - 0x00007ff8d90da000 	C:\Windows\SYSTEM32\DNSAPI.dll
0x00007ff8d8fd0000 - 0x00007ff8d900b000 	C:\Windows\SYSTEM32\IPHLPAPI.DLL
0x00007ff8dc480000 - 0x00007ff8dc488000 	C:\Windows\System32\NSI.dll
0x00007ff8d15b0000 - 0x00007ff8d15ba000 	C:\Windows\System32\rasadhlp.dll
0x00007ff8d01f0000 - 0x00007ff8d0272000 	C:\Windows\System32\fwpuclnt.dll
0x00007ff8da3c0000 - 0x00007ff8da3e7000 	C:\Windows\System32\bcrypt.dll
0x00007ff8d9580000 - 0x00007ff8d9598000 	C:\Windows\SYSTEM32\CRYPTSP.dll
0x00007ff8d8bf0000 - 0x00007ff8d8c24000 	C:\Windows\system32\rsaenh.dll
0x00007ff8d9b40000 - 0x00007ff8d9b6e000 	C:\Windows\SYSTEM32\USERENV.dll
0x00007ff8d9450000 - 0x00007ff8d945c000 	C:\Windows\SYSTEM32\CRYPTBASE.dll
0x00007ff8d1650000 - 0x00007ff8d1667000 	C:\Windows\SYSTEM32\dhcpcsvc6.DLL
0x00007ff8d1f20000 - 0x00007ff8d1f3d000 	C:\Windows\SYSTEM32\dhcpcsvc.DLL
0x00007ff8c1c40000 - 0x00007ff8c1c49000 	C:\eclipse\plugins\org.eclipse.justj.openjdk.hotspot.jre.full.win32.x86_64_17.0.3.v20220515-1416\jre\bin\management.dll
0x00007ff8c09c0000 - 0x00007ff8c09cb000 	C:\eclipse\plugins\org.eclipse.justj.openjdk.hotspot.jre.full.win32.x86_64_17.0.3.v20220515-1416\jre\bin\management_ext.dll
0x00007ff8b4910000 - 0x00007ff8b4927000 	C:\Windows\system32\napinsp.dll
0x00007ff8b48f0000 - 0x00007ff8b490b000 	C:\Windows\system32\pnrpnsp.dll
0x00007ff8d4390000 - 0x00007ff8d43a5000 	C:\Windows\system32\wshbth.dll
0x00007ff8d4e70000 - 0x00007ff8d4e8d000 	C:\Windows\system32\NLAapi.dll
0x00007ff8b47e0000 - 0x00007ff8b47f2000 	C:\Windows\System32\winrnr.dll
0x00007ff8d50b0000 - 0x00007ff8d50be000 	C:\eclipse\plugins\org.eclipse.justj.openjdk.hotspot.jre.full.win32.x86_64_17.0.3.v20220515-1416\jre\bin\sunmscapi.dll
0x00007ff8da440000 - 0x00007ff8da59d000 	C:\Windows\System32\CRYPT32.dll
0x00007ff8d9700000 - 0x00007ff8d9727000 	C:\Windows\SYSTEM32\ncrypt.dll
0x00007ff8d96c0000 - 0x00007ff8d96fb000 	C:\Windows\SYSTEM32\NTASN1.dll
0x00007ff8a6020000 - 0x00007ff8a61ae000 	C:\eclipse\plugins\org.eclipse.justj.openjdk.hotspot.jre.full.win32.x86_64_17.0.3.v20220515-1416\jre\bin\awt.dll
0x00007ff8db780000 - 0x00007ff8db84d000 	C:\Windows\System32\OLEAUT32.dll
0x00007ff8d6ba0000 - 0x00007ff8d6c30000 	C:\Windows\SYSTEM32\apphelp.dll
0x00007ff8d7010000 - 0x00007ff8d70ae000 	C:\Windows\system32\uxtheme.dll
0x00007ff8db850000 - 0x00007ff8db964000 	C:\Windows\System32\MSCTF.dll
0x00007ff8dc340000 - 0x00007ff8dc46b000 	C:\Windows\System32\ole32.dll
0x00007ff8d7400000 - 0x00007ff8d742f000 	C:\Windows\system32\DWMAPI.DLL

dbghelp: loaded successfully - version: 4.0.5 - missing functions: none
symbol engine: initialized successfully - sym options: 0x614 - pdb path: .;C:\eclipse\plugins\org.eclipse.justj.openjdk.hotspot.jre.full.win32.x86_64_17.0.3.v20220515-1416\jre\bin;C:\Windows\SYSTEM32;C:\Windows\WinSxS\amd64_microsoft.windows.common-controls_6595b64144ccf1df_6.0.19041.3570_none_60bb2a3971f3e41a;C:\eclipse\plugins\org.eclipse.justj.openjdk.hotspot.jre.full.win32.x86_64_17.0.3.v20220515-1416\jre\bin\server

VM Arguments:
jvm_args: -ea -Dfile.encoding=UTF-8 -XX:+ShowCodeDetailsInExceptionMessages 
java_command: org.testng.remote.RemoteTestNG -serport 58299 -protocol json -d C:\Users\Shakir\OneDrive - Intact Green Services (India) PVT LTD\Desktop\CharlesAndroidHipiNeo\test-output C:\Users\Shakir\OneDrive - Intact Green Services (India) PVT LTD\Desktop\CharlesAndroidHipiNeo\Android_HiPi_Neo.xml
java_class_path (initial): C:\eclipse\configuration\org.eclipse.osgi\892\0\.cp\lib\testng-remote.jar;C:\Users\Shakir\OneDrive - Intact Green Services (India) PVT LTD\Desktop\CharlesAndroidHipiNeo\target\test-classes;C:\Users\Shakir\OneDrive - Intact Green Services (India) PVT LTD\Desktop\CharlesAndroidHipiNeo\target\classes;C:\Users\Shakir\Downloads\spire.xls-13.6.5.jar;C:\Users\Shakir\.m2\repository\io\appium\java-client\7.2.0\java-client-7.2.0.jar;C:\Users\Shakir\.m2\repository\org\seleniumhq\selenium\selenium-support\3.141.59\selenium-support-3.141.59.jar;C:\Users\Shakir\.m2\repository\org\seleniumhq\selenium\selenium-api\3.141.59\selenium-api-3.141.59.jar;C:\Users\Shakir\.m2\repository\com\google\code\gson\gson\2.8.5\gson-2.8.5.jar;C:\Users\Shakir\.m2\repository\org\apache\httpcomponents\httpclient\4.5.9\httpclient-4.5.9.jar;C:\Users\Shakir\.m2\repository\cglib\cglib\3.2.12\cglib-3.2.12.jar;C:\Users\Shakir\.m2\repository\org\ow2\asm\asm\7.1\asm-7.1.jar;C:\Users\Shakir\.m2\repository\org\springframework\spring-context\5.1.8.RELEASE\spring-context-5.1.8.RELEASE.jar;C:\Users\Shakir\.m2\repository\org\springframework\spring-aop\5.1.8.RELEASE\spring-aop-5.1.8.RELEASE.jar;C:\Users\Shakir\.m2\repository\org\springframework\spring-beans\5.1.8.RELEASE\spring-beans-5.1.8.RELEASE.jar;C:\Users\Shakir\.m2\repository\org\springframework\spring-core\5.1.8.RELEASE\spring-core-5.1.8.RELEASE.jar;C:\Users\Shakir\.m2\repository\org\springframework\spring-jcl\5.1.8.RELEASE\spring-jcl-5.1.8.RELEASE.jar;C:\Users\Shakir\.m2\repository\org\springframework\spring-expression\5.1.8.RELEASE\spring-expression-5.1.8.RELEASE.jar;C:\Users\Shakir\.m2\repository\org\aspectj\aspectjweaver\1.9.4\aspectjweaver-1.9.4.jar;C:\Users\Shakir\.m2\repository\org\slf4j\slf4j-api\1.7.26\slf4j-api-1.7.26.jar;C:\Users\Shakir\.m2\repository\org\seleniumhq\selenium\selenium-java\3.141.59\selenium-java-3.141.59.jar;C:\Users\Shakir\.m2\repository\org\seleniumhq\selenium\selenium-chrome-driver\3.141.59\selenium-ch
Launcher Type: SUN_STANDARD

[Global flags]
     intx CICompilerCount                          = 4                                         {product} {ergonomic}
     uint ConcGCThreads                            = 2                                         {product} {ergonomic}
     uint G1ConcRefinementThreads                  = 8                                         {product} {ergonomic}
   size_t G1HeapRegionSize                         = 2097152                                   {product} {ergonomic}
    uintx GCDrainStackTargetSize                   = 64                                        {product} {ergonomic}
   size_t InitialHeapSize                          = 264241152                                 {product} {ergonomic}
   size_t MarkStackSize                            = 4194304                                   {product} {ergonomic}
   size_t MaxHeapSize                              = 4204789760                                {product} {ergonomic}
   size_t MaxNewSize                               = 2522873856                                {product} {ergonomic}
   size_t MinHeapDeltaBytes                        = 2097152                                   {product} {ergonomic}
   size_t MinHeapSize                              = 8388608                                   {product} {ergonomic}
    uintx NonNMethodCodeHeapSize                   = 5839372                                {pd product} {ergonomic}
    uintx NonProfiledCodeHeapSize                  = 122909434                              {pd product} {ergonomic}
    uintx ProfiledCodeHeapSize                     = 122909434                              {pd product} {ergonomic}
    uintx ReservedCodeCacheSize                    = 251658240                              {pd product} {ergonomic}
     bool SegmentedCodeCache                       = true                                      {product} {ergonomic}
     bool ShowCodeDetailsInExceptionMessages       = true                                   {manageable} {command line}
   size_t SoftMaxHeapSize                          = 4204789760                             {manageable} {ergonomic}
     bool UseCompressedClassPointers               = true                           {product lp64_product} {ergonomic}
     bool UseCompressedOops                        = true                           {product lp64_product} {ergonomic}
     bool UseG1GC                                  = true                                      {product} {ergonomic}
     bool UseLargePagesIndividualAllocation        = false                                  {pd product} {ergonomic}

Logging:
Log output configuration:
 #0: stdout all=warning uptime,level,tags
 #1: stderr all=off uptime,level,tags

Environment Variables:
JAVA_HOME=C:\Program Files\Java\jdk1.8.0_201
PATH=C:/eclipse//plugins/org.eclipse.justj.openjdk.hotspot.jre.full.win32.x86_64_17.0.3.v20220515-1416/jre/bin/server;C:/eclipse//plugins/org.eclipse.justj.openjdk.hotspot.jre.full.win32.x86_64_17.0.3.v20220515-1416/jre/bin;C:\Program Files (x86)\Common Files\Oracle\Java\javapath;C:\Windows\system32;C:\Windows;C:\Windows\System32\Wbem;C:\Windows\System32\WindowsPowerShell\v1.0\;C:\Windows\System32\OpenSSH\;C:\Program Files\apache-maven-3.8.6\bin;C:\Program Files\Git\cmd;C:\Program Files\Git\bin;C:\Program Files\Java\jre1.8.0_201\bin;C:\Program Files\Charles;C:\Android\Sdk\platform-tools;C:\Android\Sdk\build-tools;C:\Program Files\nodejs;C:\Program Files\Java\jdk1.8.0_201;C:\Program Files\Java\jdk1.8.0_201\bin;C:\Program Files\nodejs\;C:\Android\Sdk\build-tools\34.0.0;C:\Android\Sdk\platforms\android-34;C:\Users\Shakir\AppData\Roaming\npm;C:\eclipse;;C:\eclipse;
USERNAME=Shakir
OS=Windows_NT
PROCESSOR_IDENTIFIER=Intel64 Family 6 Model 140 Stepping 1, GenuineIntel



---------------  S Y S T E M  ---------------

OS:
 Windows 10 , 64 bit Build 19041 (10.0.19041.3570)
OS uptime: 7 days 4:35 hours
Hyper-V role detected

CPU: total 8 (initial active 8) (4 cores per cpu, 2 threads per core) family 6 model 140 stepping 1 microcode 0xa4, cx8, cmov, fxsr, ht, mmx, 3dnowpref, sse, sse2, sse3, ssse3, sse4.1, sse4.2, popcnt, lzcnt, tsc, tscinvbit, avx, avx2, aes, erms, clmul, bmi1, bmi2, adx, avx512f, avx512dq, avx512cd, avx512bw, avx512vl, sha, fma, vzeroupper, avx512_vpopcntdq, avx512_vpclmulqdq, avx512_vaes, avx512_vnni, clflush, clflushopt, clwb, avx512_vbmi2, avx512_vbmi, hv

Memory: 4k page, system-wide physical 16039M (1083M free)
TotalPageFile size 16039M (AvailPageFile size 3M)
current process WorkingSet (physical memory assigned to process): 449M, peak: 449M
current process commit charge ("private bytes"): 513M, peak: 513M

vm_info: OpenJDK 64-Bit Server VM (17.0.3+7) for windows-amd64 JRE (17.0.3+7), built on Apr 19 2022 16:55:35 by "" with MS VC++ 16.7 (VS2019)

END.
