#
# There is insufficient memory for the Java Runtime Environment to continue.
# Native memory allocation (malloc) failed to allocate 61088 bytes for Chunk::new
# Possible reasons:
#   The system is out of physical RAM or swap space
#   The process is running with CompressedOops enabled, and the Java Heap may be blocking the growth of the native heap
# Possible solutions:
#   Reduce memory load on the system
#   Increase physical memory or swap space
#   Check if swap backing store is full
#   Decrease Java heap size (-Xmx/-Xms)
#   Decrease number of Java threads
#   Decrease Java thread stack sizes (-Xss)
#   Set larger code cache with -XX:ReservedCodeCacheSize=
#   JVM is running with Zero Based Compressed Oops mode in which the Java heap is
#     placed in the first 32GB address space. The Java Heap base address is the
#     maximum limit for the native heap growth. Please use -XX:HeapBaseMinAddress
#     to set the Java Heap base and to place the Java Heap above 32GB virtual address.
# This output file may be truncated or incomplete.
#
#  Out of Memory Error (arena.cpp:189), pid=1828, tid=17012
#
# JRE version: OpenJDK Runtime Environment Temurin-17.0.3+7 (17.0.3+7) (build 17.0.3+7)
# Java VM: OpenJDK 64-Bit Server VM Temurin-17.0.3+7 (17.0.3+7, mixed mode, tiered, compressed oops, compressed class ptrs, g1 gc, windows-amd64)
# No core dump will be written. Minidumps are not enabled by default on client versions of Windows
#

---------------  S U M M A R Y ------------

Command Line: -ea -Dfile.encoding=UTF-8 -XX:+ShowCodeDetailsInExceptionMessages org.testng.remote.RemoteTestNG -serport 61113 -protocol json -d C:\Users\Shakir\OneDrive - Intact Green Services (India) PVT LTD\Desktop\CharlesAndroidHipiNeo\test-output C:\Users\Shakir\OneDrive - Intact Green Services (India) PVT LTD\Desktop\CharlesAndroidHipiNeo\Android_HiPi_Neo.xml

Host: 11th Gen Intel(R) Core(TM) i5-1135G7 @ 2.40GHz, 8 cores, 15G,  Windows 10 , 64 bit Build 19041 (10.0.19041.3393)
Time: Thu Sep 21 16:35:32 2023 India Standard Time elapsed time: 116.369152 seconds (0d 0h 1m 56s)

---------------  T H R E A D  ---------------

Current thread (0x000002187fc55f90):  JavaThread "C2 CompilerThread0" daemon [_thread_in_native, id=17012, stack(0x000000f601600000,0x000000f601700000)]


Current CompileTask:
C2: 116369 5979       4       org.openqa.selenium.io.MultiOutputStream::write (24 bytes)

Stack: [0x000000f601600000,0x000000f601700000]
Native frames: (J=compiled Java code, j=interpreted, Vv=VM code, C=native code)
V  [jvm.dll+0x675efa]
V  [jvm.dll+0x830a24]
V  [jvm.dll+0x8321ce]
V  [jvm.dll+0x832833]
V  [jvm.dll+0x2454b5]
V  [jvm.dll+0xabd7b]
V  [jvm.dll+0xac30c]
V  [jvm.dll+0x363627]
V  [jvm.dll+0x1bba02]
V  [jvm.dll+0x2184b9]
V  [jvm.dll+0x217781]
V  [jvm.dll+0x1a3ccd]
V  [jvm.dll+0x227178]
V  [jvm.dll+0x2252bc]
V  [jvm.dll+0x7e673b]
V  [jvm.dll+0x7e0cfa]
V  [jvm.dll+0x674d85]
C  [ucrtbase.dll+0x21bb2]
C  [KERNEL32.DLL+0x17344]
C  [ntdll.dll+0x526b1]


---------------  P R O C E S S  ---------------

Threads class SMR info:
_java_thread_list=0x000002181be14e80, length=28, elements={
0x0000021877493eb0, 0x000002187fc69020, 0x000002187fc698e0, 0x000002187fc51000,
0x000002187fc514d0, 0x000002187fc53da0, 0x000002187fc54660, 0x000002187fc55f90,
0x000002187fc74780, 0x000002187fc75ca0, 0x000002187ff5b220, 0x000002187ff64320,
0x00000218177bb000, 0x0000021819d0b330, 0x0000021819ffc550, 0x0000021817a76870,
0x00000218184c0df0, 0x0000021817f9cef0, 0x0000021817f9a870, 0x0000021817f9d3c0,
0x0000021817f99ed0, 0x0000021817f9ad40, 0x000002181c634c10, 0x000002181c635f50,
0x000002181c6350e0, 0x000002181c632a60, 0x000002181c632f30, 0x000002181c6355b0
}

Java Threads: ( => current thread )
  0x0000021877493eb0 JavaThread "main" [_thread_blocked, id=7640, stack(0x000000f600900000,0x000000f600a00000)]
  0x000002187fc69020 JavaThread "Reference Handler" daemon [_thread_blocked, id=17660, stack(0x000000f601000000,0x000000f601100000)]
  0x000002187fc698e0 JavaThread "Finalizer" daemon [_thread_blocked, id=12728, stack(0x000000f601100000,0x000000f601200000)]
  0x000002187fc51000 JavaThread "Signal Dispatcher" daemon [_thread_blocked, id=2248, stack(0x000000f601200000,0x000000f601300000)]
  0x000002187fc514d0 JavaThread "Attach Listener" daemon [_thread_blocked, id=13956, stack(0x000000f601300000,0x000000f601400000)]
  0x000002187fc53da0 JavaThread "Service Thread" daemon [_thread_blocked, id=18800, stack(0x000000f601400000,0x000000f601500000)]
  0x000002187fc54660 JavaThread "Monitor Deflation Thread" daemon [_thread_blocked, id=15696, stack(0x000000f601500000,0x000000f601600000)]
=>0x000002187fc55f90 JavaThread "C2 CompilerThread0" daemon [_thread_in_native, id=17012, stack(0x000000f601600000,0x000000f601700000)]
  0x000002187fc74780 JavaThread "C1 CompilerThread0" daemon [_thread_blocked, id=16536, stack(0x000000f601700000,0x000000f601800000)]
  0x000002187fc75ca0 JavaThread "Sweeper thread" daemon [_thread_blocked, id=15012, stack(0x000000f601800000,0x000000f601900000)]
  0x000002187ff5b220 JavaThread "Notification Thread" daemon [_thread_blocked, id=14540, stack(0x000000f601900000,0x000000f601a00000)]
  0x000002187ff64320 JavaThread "Common-Cleaner" daemon [_thread_blocked, id=1980, stack(0x000000f601b00000,0x000000f601c00000)]
  0x00000218177bb000 JavaThread "ReaderThread" [_thread_in_native, id=2900, stack(0x000000f601e00000,0x000000f601f00000)]
  0x0000021819d0b330 JavaThread "Forwarding newSession on session null to remote" [_thread_in_native, id=6380, stack(0x000000f602600000,0x000000f602700000)]
  0x0000021819ffc550 JavaThread "ForkJoinPool.commonPool-worker-1" daemon [_thread_blocked, id=14596, stack(0x000000f602700000,0x000000f602800000)]
  0x0000021817a76870 JavaThread "ForkJoinPool.commonPool-worker-2" daemon [_thread_blocked, id=3628, stack(0x000000f602800000,0x000000f602900000)]
  0x00000218184c0df0 JavaThread "ForkJoinPool.commonPool-worker-3" daemon [_thread_blocked, id=16612, stack(0x000000f602900000,0x000000f602a00000)]
  0x0000021817f9cef0 JavaThread "ForkJoinPool.commonPool-worker-4" daemon [_thread_blocked, id=11552, stack(0x000000f602a00000,0x000000f602b00000)]
  0x0000021817f9a870 JavaThread "OkHttp ConnectionPool" daemon [_thread_blocked, id=16588, stack(0x000000f602b00000,0x000000f602c00000)]
  0x0000021817f9d3c0 JavaThread "Okio Watchdog" daemon [_thread_blocked, id=9560, stack(0x000000f602c00000,0x000000f602d00000)]
  0x0000021817f99ed0 JavaThread "ForkJoinPool.commonPool-worker-5" daemon [_thread_blocked, id=2440, stack(0x000000f602d00000,0x000000f602e00000)]
  0x0000021817f9ad40 JavaThread "OkHttp ConnectionPool" daemon [_thread_blocked, id=16268, stack(0x000000f602e00000,0x000000f602f00000)]
  0x000002181c634c10 JavaThread "OkHttp ConnectionPool" daemon [_thread_blocked, id=14548, stack(0x000000f600600000,0x000000f600700000)]
  0x000002181c635f50 JavaThread "OkHttp ConnectionPool" daemon [_thread_blocked, id=11648, stack(0x000000f600700000,0x000000f600800000)]
  0x000002181c6350e0 JavaThread "Exec Default Executor" daemon [_thread_in_native, id=9452, stack(0x000000f600800000,0x000000f600900000)]
  0x000002181c632a60 JavaThread "Exec Stream Pumper" daemon [_thread_in_native, id=8208, stack(0x000000f603100000,0x000000f603200000)]
  0x000002181c632f30 JavaThread "Exec Stream Pumper" daemon [_thread_in_native, id=3740, stack(0x000000f603200000,0x000000f603300000)]
  0x000002181c6355b0 JavaThread "OkHttp ConnectionPool" daemon [_thread_blocked, id=19020, stack(0x000000f603300000,0x000000f603400000)]

Other Threads:
  0x000002187f06c140 VMThread "VM Thread" [stack: 0x000000f600f00000,0x000000f601000000] [id=12760]
  0x0000021877518d80 WatcherThread [stack: 0x000000f601a00000,0x000000f601b00000] [id=18560]
  0x00000218774ff0d0 GCTaskThread "GC Thread#0" [stack: 0x000000f600a00000,0x000000f600b00000] [id=14120]
  0x0000021816f1b2a0 GCTaskThread "GC Thread#1" [stack: 0x000000f601c00000,0x000000f601d00000] [id=656]
  0x0000021816f1a530 GCTaskThread "GC Thread#2" [stack: 0x000000f601f00000,0x000000f602000000] [id=16636]
  0x0000021816f1ad40 GCTaskThread "GC Thread#3" [stack: 0x000000f602000000,0x000000f602100000] [id=14392]
  0x0000021816f1a7e0 GCTaskThread "GC Thread#4" [stack: 0x000000f602100000,0x000000f602200000] [id=18968]
  0x0000021816f1aff0 GCTaskThread "GC Thread#5" [stack: 0x000000f602200000,0x000000f602300000] [id=14080]
  0x0000021816f1bd60 GCTaskThread "GC Thread#6" [stack: 0x000000f602400000,0x000000f602500000] [id=1508]
  0x0000021816f1a280 GCTaskThread "GC Thread#7" [stack: 0x000000f602500000,0x000000f602600000] [id=14072]
  0x0000021877510eb0 ConcurrentGCThread "G1 Main Marker" [stack: 0x000000f600b00000,0x000000f600c00000] [id=17168]
  0x0000021877512060 ConcurrentGCThread "G1 Conc#0" [stack: 0x000000f600c00000,0x000000f600d00000] [id=18692]
  0x0000021817c18110 ConcurrentGCThread "G1 Conc#1" [stack: 0x000000f602300000,0x000000f602400000] [id=18468]
  0x000002187ef1b520 ConcurrentGCThread "G1 Refine#0" [stack: 0x000000f600d00000,0x000000f600e00000] [id=14592]
  0x000002187ef1cf50 ConcurrentGCThread "G1 Service" [stack: 0x000000f600e00000,0x000000f600f00000] [id=8140]

Threads with active compile tasks:
C2 CompilerThread0   116383 5979       4       org.openqa.selenium.io.MultiOutputStream::write (24 bytes)

VM state: not at safepoint (normal execution)

VM Mutex/Monitor currently owned by a thread: None

Heap address: 0x0000000705600000, size: 4010 MB, Compressed Oops mode: Zero based, Oop shift amount: 3

CDS archive(s) not mapped
Compressed class space mapped at: 0x0000000800000000-0x0000000840000000, reserved size: 1073741824
Narrow klass base: 0x0000000800000000, Narrow klass shift: 0, Narrow klass range: 0x40000000

GC Precious Log:
 CPUs: 8 total, 8 available
 Memory: 16039M
 Large Page Support: Disabled
 NUMA Support: Disabled
 Compressed Oops: Enabled (Zero based)
 Heap Region Size: 2M
 Heap Min Capacity: 8M
 Heap Initial Capacity: 252M
 Heap Max Capacity: 4010M
 Pre-touch: Disabled
 Parallel Workers: 8
 Concurrent Workers: 2
 Concurrent Refinement Workers: 8
 Periodic GC: Disabled

Heap:
 garbage-first heap   total 75776K, used 39999K [0x0000000705600000, 0x0000000800000000)
  region size 2048K, 9 young (18432K), 1 survivors (2048K)
 Metaspace       used 49899K, committed 50176K, reserved 1097728K
  class space    used 5507K, committed 5632K, reserved 1048576K

Heap Regions: E=young(eden), S=young(survivor), O=old, HS=humongous(starts), HC=humongous(continues), CS=collection set, F=free, OA=open archive, CA=closed archive, TAMS=top-at-mark-start (previous, next)
|   0|0x0000000705600000, 0x0000000705800000, 0x0000000705800000|100%|HS|  |TAMS 0x0000000705800000, 0x0000000705600000| Complete 
|   1|0x0000000705800000, 0x0000000705a00000, 0x0000000705a00000|100%|HS|  |TAMS 0x0000000705a00000, 0x0000000705800000| Complete 
|   2|0x0000000705a00000, 0x0000000705c00000, 0x0000000705c00000|100%|HC|  |TAMS 0x0000000705c00000, 0x0000000705a00000| Complete 
|   3|0x0000000705c00000, 0x0000000705e00000, 0x0000000705e00000|100%| O|  |TAMS 0x0000000705e00000, 0x0000000705c00000| Untracked 
|   4|0x0000000705e00000, 0x0000000706000000, 0x0000000706000000|100%| O|  |TAMS 0x0000000706000000, 0x0000000705e00000| Untracked 
|   5|0x0000000706000000, 0x0000000706200000, 0x0000000706200000|100%| O|  |TAMS 0x0000000706200000, 0x0000000706000000| Untracked 
|   6|0x0000000706200000, 0x0000000706400000, 0x0000000706400000|100%| O|  |TAMS 0x0000000706400000, 0x0000000706200000| Untracked 
|   7|0x0000000706400000, 0x00000007065e8000, 0x0000000706600000| 95%| O|  |TAMS 0x0000000706400000, 0x0000000706400000| Untracked 
|   8|0x0000000706600000, 0x0000000706800000, 0x0000000706800000|100%| O|  |TAMS 0x0000000706800000, 0x0000000706600000| Untracked 
|   9|0x0000000706800000, 0x0000000706a00000, 0x0000000706a00000|100%| O|  |TAMS 0x0000000706a00000, 0x0000000706800000| Untracked 
|  10|0x0000000706a00000, 0x0000000706c00000, 0x0000000706c00000|100%| O|  |TAMS 0x0000000706c00000, 0x0000000706a00000| Untracked 
|  11|0x0000000706c00000, 0x0000000706e00000, 0x0000000706e00000|100%| O|  |TAMS 0x0000000706c9be00, 0x0000000706c00000| Untracked 
|  12|0x0000000706e00000, 0x0000000706e00000, 0x0000000707000000|  0%| F|  |TAMS 0x0000000706e00000, 0x0000000706e00000| Untracked 
|  13|0x0000000707000000, 0x0000000707000000, 0x0000000707200000|  0%| F|  |TAMS 0x0000000707000000, 0x0000000707000000| Untracked 
|  14|0x0000000707200000, 0x0000000707200000, 0x0000000707400000|  0%| F|  |TAMS 0x0000000707200000, 0x0000000707200000| Untracked 
|  15|0x0000000707400000, 0x0000000707400000, 0x0000000707600000|  0%| F|  |TAMS 0x0000000707400000, 0x0000000707400000| Untracked 
|  16|0x0000000707600000, 0x0000000707600000, 0x0000000707800000|  0%| F|  |TAMS 0x0000000707600000, 0x0000000707600000| Untracked 
|  17|0x0000000707800000, 0x0000000707800000, 0x0000000707a00000|  0%| F|  |TAMS 0x0000000707800000, 0x0000000707800000| Untracked 
|  18|0x0000000707a00000, 0x0000000707a00000, 0x0000000707c00000|  0%| F|  |TAMS 0x0000000707a00000, 0x0000000707a00000| Untracked 
|  19|0x0000000707c00000, 0x0000000707d27ca0, 0x0000000707e00000| 57%| S|CS|TAMS 0x0000000707c00000, 0x0000000707c00000| Complete 
|  20|0x0000000707e00000, 0x0000000707e00000, 0x0000000708000000|  0%| F|  |TAMS 0x0000000707e00000, 0x0000000707e00000| Untracked 
|  21|0x0000000708000000, 0x0000000708000000, 0x0000000708200000|  0%| F|  |TAMS 0x0000000708000000, 0x0000000708000000| Untracked 
|  22|0x0000000708200000, 0x0000000708200000, 0x0000000708400000|  0%| F|  |TAMS 0x0000000708200000, 0x0000000708200000| Untracked 
|  23|0x0000000708400000, 0x0000000708400000, 0x0000000708600000|  0%| F|  |TAMS 0x0000000708400000, 0x0000000708400000| Untracked 
|  24|0x0000000708600000, 0x0000000708600000, 0x0000000708800000|  0%| F|  |TAMS 0x0000000708600000, 0x0000000708600000| Untracked 
|  25|0x0000000708800000, 0x0000000708800000, 0x0000000708a00000|  0%| F|  |TAMS 0x0000000708800000, 0x0000000708800000| Untracked 
|  26|0x0000000708a00000, 0x0000000708a00000, 0x0000000708c00000|  0%| F|  |TAMS 0x0000000708a00000, 0x0000000708a00000| Untracked 
|  27|0x0000000708c00000, 0x0000000708c00000, 0x0000000708e00000|  0%| F|  |TAMS 0x0000000708c00000, 0x0000000708c00000| Untracked 
|  28|0x0000000708e00000, 0x0000000708e00000, 0x0000000709000000|  0%| F|  |TAMS 0x0000000708e00000, 0x0000000708e00000| Untracked 
|  29|0x0000000709000000, 0x00000007091678a0, 0x0000000709200000| 70%| E|  |TAMS 0x0000000709000000, 0x0000000709000000| Complete 
|  30|0x0000000709200000, 0x0000000709400000, 0x0000000709400000|100%| E|CS|TAMS 0x0000000709200000, 0x0000000709200000| Complete 
|  31|0x0000000709400000, 0x0000000709600000, 0x0000000709600000|100%| E|CS|TAMS 0x0000000709400000, 0x0000000709400000| Complete 
|  32|0x0000000709600000, 0x0000000709800000, 0x0000000709800000|100%| E|CS|TAMS 0x0000000709600000, 0x0000000709600000| Complete 
|  33|0x0000000709800000, 0x0000000709a00000, 0x0000000709a00000|100%| E|CS|TAMS 0x0000000709800000, 0x0000000709800000| Complete 
| 121|0x0000000714800000, 0x0000000714a00000, 0x0000000714a00000|100%| E|CS|TAMS 0x0000000714800000, 0x0000000714800000| Complete 
| 122|0x0000000714a00000, 0x0000000714c00000, 0x0000000714c00000|100%| E|CS|TAMS 0x0000000714a00000, 0x0000000714a00000| Complete 
| 125|0x0000000715000000, 0x0000000715200000, 0x0000000715200000|100%| E|CS|TAMS 0x0000000715000000, 0x0000000715000000| Complete 

Card table byte_map: [0x000002187b650000,0x000002187be30000] _byte_map_base: 0x0000021877e25000

Marking Bits (Prev, Next): (CMBitMap*) 0x0000021877500af0, (CMBitMap*) 0x0000021877500b30
 Prev Bits: [0x000002180f000000, 0x0000021812ea8000)
 Next Bits: [0x0000021812eb0000, 0x0000021816d58000)

Polling page: 0x00000218753b0000

Metaspace:

Usage:
  Non-class:     43.35 MB used.
      Class:      5.38 MB used.
       Both:     48.73 MB used.

Virtual space:
  Non-class space:       48.00 MB reserved,      43.50 MB ( 91%) committed,  6 nodes.
      Class space:        1.00 GB reserved,       5.50 MB ( <1%) committed,  1 nodes.
             Both:        1.05 GB reserved,      49.00 MB (  5%) committed. 

Chunk freelists:
   Non-Class:  48.00 KB
       Class:  2.52 MB
        Both:  2.56 MB

MaxMetaspaceSize: unlimited
CompressedClassSpaceSize: 1.00 GB
Initial GC threshold: 21.00 MB
Current GC threshold: 59.00 MB
CDS: off
MetaspaceReclaimPolicy: balanced
 - commit_granule_bytes: 65536.
 - commit_granule_words: 8192.
 - virtual_space_node_default_size: 1048576.
 - enlarge_chunks_in_place: 1.
 - new_chunks_are_fully_committed: 0.
 - uncommit_free_chunks: 1.
 - use_allocation_guard: 0.
 - handle_deallocations: 1.


Internal statistics:

num_allocs_failed_limit: 6.
num_arena_births: 332.
num_arena_deaths: 0.
num_vsnodes_births: 7.
num_vsnodes_deaths: 0.
num_space_committed: 782.
num_space_uncommitted: 0.
num_chunks_returned_to_freelist: 6.
num_chunks_taken_from_freelist: 1493.
num_chunk_merges: 3.
num_chunk_splits: 1022.
num_chunks_enlarged: 781.
num_purges: 0.
num_inconsistent_stats: 0.

CodeHeap 'non-profiled nmethods': size=120000Kb used=2940Kb max_used=3271Kb free=117059Kb
 bounds [0x0000021807ad0000, 0x0000021807e10000, 0x000002180f000000]
CodeHeap 'profiled nmethods': size=120000Kb used=10747Kb max_used=12961Kb free=109253Kb
 bounds [0x00000218005a0000, 0x0000021801250000, 0x0000021807ad0000]
CodeHeap 'non-nmethods': size=5760Kb used=1326Kb max_used=1374Kb free=4433Kb
 bounds [0x0000021800000000, 0x0000021800270000, 0x00000218005a0000]
 total_blobs=5723 nmethods=5087 adapters=548
 compilation: enabled
              stopped_count=0, restarted_count=0
 full_count=0

Compilation events (20 events):
Event: 114.752 Thread 0x000002187fc74780 nmethod 5968 0x0000021800bceb90 code [0x0000021800bced40, 0x0000021800bcef48]
Event: 115.077 Thread 0x000002187fc74780 5969       3       org.openqa.selenium.io.MultiOutputStream::write (24 bytes)
Event: 115.078 Thread 0x000002187fc74780 nmethod 5969 0x0000021800a3dd90 code [0x0000021800a3df40, 0x0000021800a3e238]
Event: 115.078 Thread 0x000002187fc74780 5971   !   3       java.io.PrintStream::write (66 bytes)
Event: 115.078 Thread 0x000002187fc74780 nmethod 5971 0x0000021800869810 code [0x0000021800869a20, 0x000002180086a138]
Event: 115.078 Thread 0x000002187fc74780 5970  s    3       org.openqa.selenium.io.CircularOutputStream::write (87 bytes)
Event: 115.079 Thread 0x000002187fc74780 nmethod 5970 0x0000021800a8d410 code [0x0000021800a8d5c0, 0x0000021800a8d8d8]
Event: 115.079 Thread 0x000002187fc74780 5972  s    3       java.io.BufferedOutputStream::write (35 bytes)
Event: 115.079 Thread 0x000002187fc74780 nmethod 5972 0x0000021800c8be10 code [0x0000021800c8bfc0, 0x0000021800c8c388]
Event: 116.347 Thread 0x000002187fc74780 5974       3       java.io.FileInputStream::read (8 bytes)
Event: 116.347 Thread 0x000002187fc74780 nmethod 5974 0x0000021800794290 code [0x0000021800794420, 0x0000021800794568]
Event: 116.353 Thread 0x000002187fc74780 5975       3       java.io.BufferedInputStream::getInIfOpen (21 bytes)
Event: 116.354 Thread 0x000002187fc74780 nmethod 5975 0x0000021800c38710 code [0x0000021800c388c0, 0x0000021800c38ac8]
Event: 116.355 Thread 0x000002187fc74780 5976       3       java.io.BufferedInputStream::fill (203 bytes)
Event: 116.356 Thread 0x000002187fc74780 nmethod 5976 0x0000021800bb7990 code [0x0000021800bb7c00, 0x0000021800bb8868]
Event: 116.356 Thread 0x000002187fc74780 5977       3       java.io.FileInputStream::available (5 bytes)
Event: 116.356 Thread 0x000002187fc74780 nmethod 5977 0x00000218007a1d90 code [0x00000218007a1f20, 0x00000218007a2068]
Event: 116.362 Thread 0x000002187fc55f90 5979       4       org.openqa.selenium.io.MultiOutputStream::write (24 bytes)
Event: 116.363 Thread 0x000002187fc74780 5980  s    3       java.io.BufferedOutputStream::flush (12 bytes)
Event: 116.363 Thread 0x000002187fc74780 nmethod 5980 0x0000021800c9ed10 code [0x0000021800c9eee0, 0x0000021800c9f2f8]

GC Heap History (20 events):
Event: 1.926 GC heap before
{Heap before GC invocations=1 (full 0):
 garbage-first heap   total 258048K, used 36264K [0x0000000705600000, 0x0000000800000000)
  region size 2048K, 12 young (24576K), 2 survivors (4096K)
 Metaspace       used 20210K, committed 20416K, reserved 1073152K
  class space    used 2124K, committed 2240K, reserved 1048576K
}
Event: 1.929 GC heap after
{Heap after GC invocations=2 (full 0):
 garbage-first heap   total 258048K, used 18095K [0x0000000705600000, 0x0000000800000000)
  region size 2048K, 2 young (4096K), 2 survivors (4096K)
 Metaspace       used 20210K, committed 20416K, reserved 1073152K
  class space    used 2124K, committed 2240K, reserved 1048576K
}
Event: 2.183 GC heap before
{Heap before GC invocations=2 (full 0):
 garbage-first heap   total 258048K, used 22191K [0x0000000705600000, 0x0000000800000000)
  region size 2048K, 5 young (10240K), 2 survivors (4096K)
 Metaspace       used 21315K, committed 21504K, reserved 1073152K
  class space    used 2239K, committed 2368K, reserved 1048576K
}
Event: 2.189 GC heap after
{Heap after GC invocations=3 (full 0):
 garbage-first heap   total 258048K, used 18501K [0x0000000705600000, 0x0000000800000000)
  region size 2048K, 2 young (4096K), 2 survivors (4096K)
 Metaspace       used 21315K, committed 21504K, reserved 1073152K
  class space    used 2239K, committed 2368K, reserved 1048576K
}
Event: 9.501 GC heap before
{Heap before GC invocations=4 (full 0):
 garbage-first heap   total 75776K, used 51269K [0x0000000705600000, 0x0000000800000000)
  region size 2048K, 19 young (38912K), 2 survivors (4096K)
 Metaspace       used 31533K, committed 31808K, reserved 1081344K
  class space    used 3288K, committed 3392K, reserved 1048576K
}
Event: 9.505 GC heap after
{Heap after GC invocations=5 (full 0):
 garbage-first heap   total 75776K, used 21324K [0x0000000705600000, 0x0000000800000000)
  region size 2048K, 3 young (6144K), 3 survivors (6144K)
 Metaspace       used 31533K, committed 31808K, reserved 1081344K
  class space    used 3288K, committed 3392K, reserved 1048576K
}
Event: 9.795 GC heap before
{Heap before GC invocations=5 (full 0):
 garbage-first heap   total 75776K, used 23372K [0x0000000705600000, 0x0000000800000000)
  region size 2048K, 4 young (8192K), 3 survivors (6144K)
 Metaspace       used 33245K, committed 33536K, reserved 1081344K
  class space    used 3503K, committed 3648K, reserved 1048576K
}
Event: 9.800 GC heap after
{Heap after GC invocations=6 (full 0):
 garbage-first heap   total 75776K, used 22113K [0x0000000705600000, 0x0000000800000000)
  region size 2048K, 1 young (2048K), 1 survivors (2048K)
 Metaspace       used 33245K, committed 33536K, reserved 1081344K
  class space    used 3503K, committed 3648K, reserved 1048576K
}
Event: 10.872 GC heap before
{Heap before GC invocations=6 (full 0):
 garbage-first heap   total 75776K, used 32353K [0x0000000705600000, 0x0000000800000000)
  region size 2048K, 7 young (14336K), 1 survivors (2048K)
 Metaspace       used 35771K, committed 35968K, reserved 1089536K
  class space    used 3877K, committed 3968K, reserved 1048576K
}
Event: 10.874 GC heap after
{Heap after GC invocations=7 (full 0):
 garbage-first heap   total 75776K, used 22133K [0x0000000705600000, 0x0000000800000000)
  region size 2048K, 1 young (2048K), 1 survivors (2048K)
 Metaspace       used 35771K, committed 35968K, reserved 1089536K
  class space    used 3877K, committed 3968K, reserved 1048576K
}
Event: 26.447 GC heap before
{Heap before GC invocations=8 (full 0):
 garbage-first heap   total 75776K, used 48757K [0x0000000705600000, 0x0000000800000000)
  region size 2048K, 15 young (30720K), 1 survivors (2048K)
 Metaspace       used 42773K, committed 43008K, reserved 1089536K
  class space    used 4812K, committed 4928K, reserved 1048576K
}
Event: 26.451 GC heap after
{Heap after GC invocations=9 (full 0):
 garbage-first heap   total 75776K, used 24705K [0x0000000705600000, 0x0000000800000000)
  region size 2048K, 2 young (4096K), 2 survivors (4096K)
 Metaspace       used 42773K, committed 43008K, reserved 1089536K
  class space    used 4812K, committed 4928K, reserved 1048576K
}
Event: 45.781 GC heap before
{Heap before GC invocations=9 (full 0):
 garbage-first heap   total 75776K, used 51329K [0x0000000705600000, 0x0000000800000000)
  region size 2048K, 15 young (30720K), 2 survivors (4096K)
 Metaspace       used 46047K, committed 46336K, reserved 1097728K
  class space    used 5137K, committed 5248K, reserved 1048576K
}
Event: 45.784 GC heap after
{Heap after GC invocations=10 (full 0):
 garbage-first heap   total 75776K, used 25835K [0x0000000705600000, 0x0000000800000000)
  region size 2048K, 1 young (2048K), 1 survivors (2048K)
 Metaspace       used 46047K, committed 46336K, reserved 1097728K
  class space    used 5137K, committed 5248K, reserved 1048576K
}
Event: 67.602 GC heap before
{Heap before GC invocations=10 (full 0):
 garbage-first heap   total 75776K, used 54507K [0x0000000705600000, 0x0000000800000000)
  region size 2048K, 15 young (30720K), 1 survivors (2048K)
 Metaspace       used 46892K, committed 47168K, reserved 1097728K
  class space    used 5173K, committed 5312K, reserved 1048576K
}
Event: 67.604 GC heap after
{Heap after GC invocations=11 (full 0):
 garbage-first heap   total 75776K, used 25837K [0x0000000705600000, 0x0000000800000000)
  region size 2048K, 1 young (2048K), 1 survivors (2048K)
 Metaspace       used 46892K, committed 47168K, reserved 1097728K
  class space    used 5173K, committed 5312K, reserved 1048576K
}
Event: 93.401 GC heap before
{Heap before GC invocations=11 (full 0):
 garbage-first heap   total 75776K, used 56557K [0x0000000705600000, 0x0000000800000000)
  region size 2048K, 16 young (32768K), 1 survivors (2048K)
 Metaspace       used 47274K, committed 47552K, reserved 1097728K
  class space    used 5177K, committed 5312K, reserved 1048576K
}
Event: 93.404 GC heap after
{Heap after GC invocations=12 (full 0):
 garbage-first heap   total 75776K, used 25773K [0x0000000705600000, 0x0000000800000000)
  region size 2048K, 1 young (2048K), 1 survivors (2048K)
 Metaspace       used 47274K, committed 47552K, reserved 1097728K
  class space    used 5177K, committed 5312K, reserved 1048576K
}
Event: 106.136 GC heap before
{Heap before GC invocations=12 (full 0):
 garbage-first heap   total 75776K, used 58541K [0x0000000705600000, 0x0000000800000000)
  region size 2048K, 17 young (34816K), 1 survivors (2048K)
 Metaspace       used 47530K, committed 47872K, reserved 1097728K
  class space    used 5180K, committed 5376K, reserved 1048576K
}
Event: 106.139 GC heap after
{Heap after GC invocations=13 (full 0):
 garbage-first heap   total 75776K, used 25663K [0x0000000705600000, 0x0000000800000000)
  region size 2048K, 1 young (2048K), 1 survivors (2048K)
 Metaspace       used 47530K, committed 47872K, reserved 1097728K
  class space    used 5180K, committed 5376K, reserved 1048576K
}

Deoptimization events (20 events):
Event: 114.708 Thread 0x0000021819d0b330 Uncommon trap: trap_request=0xffffff45 fr.pc=0x0000021807d8bf38 relative=0x0000000000000338
Event: 114.708 Thread 0x0000021819d0b330 Uncommon trap: reason=unstable_if action=reinterpret pc=0x0000021807d8bf38 method=org.openqa.selenium.json.JsonInput.peek()Lorg/openqa/selenium/json/JsonType; @ 15 c2
Event: 114.708 Thread 0x0000021819d0b330 DEOPT PACKING pc=0x0000021807d8bf38 sp=0x000000f6026fc8b0
Event: 114.708 Thread 0x0000021819d0b330 DEOPT UNPACKING pc=0x0000021800055c23 sp=0x000000f6026fc850 mode 2
Event: 114.715 Thread 0x0000021819d0b330 Uncommon trap: trap_request=0xffffffc6 fr.pc=0x0000021807d8fa50 relative=0x00000000000002f0
Event: 114.715 Thread 0x0000021819d0b330 Uncommon trap: reason=bimorphic_or_optimized_type_check action=maybe_recompile pc=0x0000021807d8fa50 method=java.util.regex.Pattern$BmpCharPredicate.lambda$union$2(Ljava/util/regex/Pattern$CharPredicate;I)Z @ 2 c2
Event: 114.715 Thread 0x0000021819d0b330 DEOPT PACKING pc=0x0000021807d8fa50 sp=0x000000f6026fc6d0
Event: 114.715 Thread 0x0000021819d0b330 DEOPT UNPACKING pc=0x0000021800055c23 sp=0x000000f6026fc5f8 mode 2
Event: 114.716 Thread 0x0000021819d0b330 Uncommon trap: trap_request=0xffffffc6 fr.pc=0x0000021807d8fa50 relative=0x00000000000002f0
Event: 114.716 Thread 0x0000021819d0b330 Uncommon trap: reason=bimorphic_or_optimized_type_check action=maybe_recompile pc=0x0000021807d8fa50 method=java.util.regex.Pattern$BmpCharPredicate.lambda$union$2(Ljava/util/regex/Pattern$CharPredicate;I)Z @ 2 c2
Event: 114.716 Thread 0x0000021819d0b330 DEOPT PACKING pc=0x0000021807d8fa50 sp=0x000000f6026fc6d0
Event: 114.716 Thread 0x0000021819d0b330 DEOPT UNPACKING pc=0x0000021800055c23 sp=0x000000f6026fc5f8 mode 2
Event: 114.716 Thread 0x0000021819d0b330 Uncommon trap: trap_request=0xffffffc6 fr.pc=0x0000021807d8fa50 relative=0x00000000000002f0
Event: 114.716 Thread 0x0000021819d0b330 Uncommon trap: reason=bimorphic_or_optimized_type_check action=maybe_recompile pc=0x0000021807d8fa50 method=java.util.regex.Pattern$BmpCharPredicate.lambda$union$2(Ljava/util/regex/Pattern$CharPredicate;I)Z @ 2 c2
Event: 114.716 Thread 0x0000021819d0b330 DEOPT PACKING pc=0x0000021807d8fa50 sp=0x000000f6026fc6d0
Event: 114.716 Thread 0x0000021819d0b330 DEOPT UNPACKING pc=0x0000021800055c23 sp=0x000000f6026fc5f8 mode 2
Event: 114.716 Thread 0x0000021819d0b330 Uncommon trap: trap_request=0xffffffc6 fr.pc=0x0000021807d8fa50 relative=0x00000000000002f0
Event: 114.716 Thread 0x0000021819d0b330 Uncommon trap: reason=bimorphic_or_optimized_type_check action=maybe_recompile pc=0x0000021807d8fa50 method=java.util.regex.Pattern$BmpCharPredicate.lambda$union$2(Ljava/util/regex/Pattern$CharPredicate;I)Z @ 2 c2
Event: 114.716 Thread 0x0000021819d0b330 DEOPT PACKING pc=0x0000021807d8fa50 sp=0x000000f6026fc6d0
Event: 114.716 Thread 0x0000021819d0b330 DEOPT UNPACKING pc=0x0000021800055c23 sp=0x000000f6026fc5f8 mode 2

Classes unloaded (0 events):
No events

Classes redefined (0 events):
No events

Internal exceptions (20 events):
Event: 10.884 Thread 0x0000021819d0b330 Exception <a 'java/lang/NoSuchMethodError'{0x0000000715019550}: 'void java.lang.invoke.DirectMethodHandle$Holder.invokeInterface(java.lang.Object, java.lang.Object, java.lang.Object)'> (0x0000000715019550) 
thrown [e:\jenkins\tmp\workspace\build\src\src\hotspot\share\interpreter\linkResolver.cpp, line 766]
Event: 10.884 Thread 0x0000021819ffc550 Exception <a 'java/lang/NoSuchMethodError'{0x000000071508c868}: 'void java.lang.invoke.DirectMethodHandle$Holder.invokeInterface(java.lang.Object, java.lang.Object, java.lang.Object)'> (0x000000071508c868) 
thrown [e:\jenkins\tmp\workspace\build\src\src\hotspot\share\interpreter\linkResolver.cpp, line 766]
Event: 10.954 Thread 0x0000021819d0b330 Exception <a 'java/lang/NoSuchMethodError'{0x0000000714924d60}: 'void java.lang.invoke.DirectMethodHandle$Holder.invokeStatic(java.lang.Object, java.lang.Object, java.lang.Object, java.lang.Object)'> (0x0000000714924d60) 
thrown [e:\jenkins\tmp\workspace\build\src\src\hotspot\share\interpreter\linkResolver.cpp, line 766]
Event: 25.894 Thread 0x0000021819d0b330 Exception <a 'java/lang/NoSuchMethodError'{0x000000070992c340}: 'java.lang.Object java.lang.invoke.DirectMethodHandle$Holder.invokeSpecialIFC(java.lang.Object, java.lang.Object, java.lang.Object)'> (0x000000070992c340) 
thrown [e:\jenkins\tmp\workspace\build\src\src\hotspot\share\interpreter\linkResolver.cpp, line 766]
Event: 25.903 Thread 0x0000021819d0b330 Exception <a 'java/lang/ClassNotFoundException'{0x00000007099abde8}: sun/util/logging/resources/spi/loggingProvider> (0x00000007099abde8) 
thrown [e:\jenkins\tmp\workspace\build\src\src\hotspot\share\classfile\systemDictionary.cpp, line 256]
Event: 25.913 Thread 0x0000021819d0b330 Exception <a 'java/lang/NoSuchMethodError'{0x0000000709629fd8}: 'java.lang.Object java.lang.invoke.Invokers$Holder.invoke_MT(java.lang.Object, java.lang.Object, java.lang.Object, java.lang.Object, java.lang.Object)'> (0x0000000709629fd8) 
thrown [e:\jenkins\tmp\workspace\build\src\src\hotspot\share\interpreter\linkResolver.cpp, line 766]
Event: 25.914 Thread 0x0000021819d0b330 Exception <a 'java/lang/NoSuchMethodError'{0x000000070962e398}: 'void java.lang.invoke.Invokers$Holder.invokeExact_MT(java.lang.Object, java.lang.Object, java.lang.Object, java.lang.Object, java.lang.Object)'> (0x000000070962e398) 
thrown [e:\jenkins\tmp\workspace\build\src\src\hotspot\share\interpreter\linkResolver.cpp, line 766]
Event: 25.956 Thread 0x0000021819d0b330 Exception <a 'java/lang/NoSuchMethodError'{0x00000007096e4040}: 'java.lang.Object java.lang.invoke.DirectMethodHandle$Holder.invokeSpecialIFC(java.lang.Object, java.lang.Object)'> (0x00000007096e4040) 
thrown [e:\jenkins\tmp\workspace\build\src\src\hotspot\share\interpreter\linkResolver.cpp, line 766]
Event: 26.497 Thread 0x0000021819d0b330 Exception <a 'java/lang/ClassNotFoundException'{0x00000007150da868}: com/sun/org/apache/xml/internal/serializer/spi/XMLEntitiesProvider> (0x00000007150da868) 
thrown [e:\jenkins\tmp\workspace\build\src\src\hotspot\share\classfile\systemDictionary.cpp, line 256]
Event: 26.627 Thread 0x0000021819d0b330 Exception <a 'java/io/FileNotFoundException'{0x00000007098a0b00}> (0x00000007098a0b00) 
thrown [e:\jenkins\tmp\workspace\build\src\src\hotspot\share\prims\jni.cpp, line 516]
Event: 26.744 Thread 0x0000021819d0b330 Exception <a 'java/lang/NoSuchMethodError'{0x00000007095e8d48}: 'void java.lang.invoke.DirectMethodHandle$Holder.invokeVirtual(java.lang.Object, java.lang.Object)'> (0x00000007095e8d48) 
thrown [e:\jenkins\tmp\workspace\build\src\src\hotspot\share\interpreter\linkResolver.cpp, line 766]
Event: 41.089 Thread 0x0000021819d0b330 Exception <a 'java/lang/ClassNotFoundException'{0x0000000708db1fc8}: sun/misc/SharedSecrets> (0x0000000708db1fc8) 
thrown [e:\jenkins\tmp\workspace\build\src\src\hotspot\share\classfile\systemDictionary.cpp, line 256]
Event: 114.611 Thread 0x0000021819d0b330 Exception <a 'java/lang/NoSuchMethodError'{0x000000070953cdd0}: 'org.slf4j.impl.StaticMDCBinder org.slf4j.impl.StaticMDCBinder.getSingleton()'> (0x000000070953cdd0) 
thrown [e:\jenkins\tmp\workspace\build\src\src\hotspot\share\interpreter\linkResolver.cpp, line 766]
Event: 114.630 Thread 0x0000021819d0b330 Exception <a 'java/net/SocketException'{0x0000000709203820}: Socket is not connected: shutdown> (0x0000000709203820) 
thrown [e:\jenkins\tmp\workspace\build\src\src\hotspot\share\prims\jni.cpp, line 535]
Event: 114.671 Thread 0x0000021819d0b330 Exception <a 'java/net/ConnectException'{0x0000000709318050}: Connection refused: no further information> (0x0000000709318050) 
thrown [e:\jenkins\tmp\workspace\build\src\src\hotspot\share\prims\jni.cpp, line 535]
Event: 114.671 Thread 0x0000021819d0b330 Exception <a 'java/net/SocketException'{0x0000000709318630}: Socket is not connected: shutdown> (0x0000000709318630) 
thrown [e:\jenkins\tmp\workspace\build\src\src\hotspot\share\prims\jni.cpp, line 535]
Event: 114.686 Thread 0x0000021819d0b330 Exception <a 'java/net/ConnectException'{0x0000000709319208}: Connection refused: no further information> (0x0000000709319208) 
thrown [e:\jenkins\tmp\workspace\build\src\src\hotspot\share\prims\jni.cpp, line 535]
Event: 114.686 Thread 0x0000021819d0b330 Exception <a 'java/net/SocketException'{0x00000007093197e8}: Socket is not connected: shutdown> (0x00000007093197e8) 
thrown [e:\jenkins\tmp\workspace\build\src\src\hotspot\share\prims\jni.cpp, line 535]
Event: 114.702 Thread 0x0000021819d0b330 Exception <a 'java/net/ConnectException'{0x000000070931a2f0}: Connection refused: no further information> (0x000000070931a2f0) 
thrown [e:\jenkins\tmp\workspace\build\src\src\hotspot\share\prims\jni.cpp, line 535]
Event: 114.703 Thread 0x0000021819d0b330 Exception <a 'java/net/SocketException'{0x000000070931a8d0}: Socket is not connected: shutdown> (0x000000070931a8d0) 
thrown [e:\jenkins\tmp\workspace\build\src\src\hotspot\share\prims\jni.cpp, line 535]

VM Operations (20 events):
Event: 104.529 Executing VM operation: Cleanup
Event: 104.529 Executing VM operation: Cleanup done
Event: 105.463 Executing VM operation: HandshakeAllThreads
Event: 105.463 Executing VM operation: HandshakeAllThreads done
Event: 105.481 Executing VM operation: HandshakeAllThreads
Event: 105.481 Executing VM operation: HandshakeAllThreads done
Event: 105.499 Executing VM operation: HandshakeAllThreads
Event: 105.499 Executing VM operation: HandshakeAllThreads done
Event: 106.136 Executing VM operation: G1CollectForAllocation
Event: 106.139 Executing VM operation: G1CollectForAllocation done
Event: 107.140 Executing VM operation: Cleanup
Event: 107.140 Executing VM operation: Cleanup done
Event: 114.216 Executing VM operation: Cleanup
Event: 114.216 Executing VM operation: Cleanup done
Event: 114.638 Executing VM operation: HandshakeAllThreads
Event: 114.638 Executing VM operation: HandshakeAllThreads done
Event: 114.712 Executing VM operation: HandshakeAllThreads
Event: 114.712 Executing VM operation: HandshakeAllThreads done
Event: 115.716 Executing VM operation: Cleanup
Event: 115.716 Executing VM operation: Cleanup done

Events (20 events):
Event: 114.586 loading class java/util/zip/CheckedInputStream
Event: 114.586 loading class java/util/zip/CheckedInputStream done
Event: 114.591 loading class java/io/FilenameFilter
Event: 114.591 loading class java/io/FilenameFilter done
Event: 114.621 loading class java/util/Collections$UnmodifiableMap$UnmodifiableEntrySet$UnmodifiableEntrySetSpliterator
Event: 114.622 loading class java/util/Collections$UnmodifiableMap$UnmodifiableEntrySet$UnmodifiableEntrySetSpliterator done
Event: 114.624 loading class java/lang/ProcessEnvironment$CheckedKeySet
Event: 114.624 loading class java/lang/ProcessEnvironment$CheckedKeySet done
Event: 114.629 loading class java/net/ServerSocket
Event: 114.629 loading class java/net/ServerSocket done
Event: 114.653 Thread 0x000002181c6350e0 Thread added: 0x000002181c6350e0
Event: 114.661 loading class java/io/FileOutputStream$1
Event: 114.662 loading class java/io/FileOutputStream$1 done
Event: 114.662 loading class java/io/PipedOutputStream
Event: 114.662 loading class java/io/PipedOutputStream done
Event: 114.663 Thread 0x000002181c632a60 Thread added: 0x000002181c632a60
Event: 114.663 Thread 0x000002181c632f30 Thread added: 0x000002181c632f30
Event: 114.671 loading class sun/net/util/SocketExceptions
Event: 114.671 loading class sun/net/util/SocketExceptions done
Event: 114.720 Thread 0x000002181c6355b0 Thread added: 0x000002181c6355b0


Dynamic libraries:
0x00007ff709720000 - 0x00007ff70972e000 	C:\eclipse\plugins\org.eclipse.justj.openjdk.hotspot.jre.full.win32.x86_64_17.0.3.v20220515-1416\jre\bin\javaw.exe
0x00007ffecb730000 - 0x00007ffecb928000 	C:\Windows\SYSTEM32\ntdll.dll
0x00007ffecb630000 - 0x00007ffecb6ed000 	C:\Windows\System32\KERNEL32.DLL
0x00007ffec9490000 - 0x00007ffec9786000 	C:\Windows\System32\KERNELBASE.dll
0x00007ffec9230000 - 0x00007ffec9330000 	C:\Windows\System32\ucrtbase.dll
0x00007ffe9d550000 - 0x00007ffe9d569000 	C:\eclipse\plugins\org.eclipse.justj.openjdk.hotspot.jre.full.win32.x86_64_17.0.3.v20220515-1416\jre\bin\VCRUNTIME140.dll
0x00007ffe9a8a0000 - 0x00007ffe9a8b8000 	C:\eclipse\plugins\org.eclipse.justj.openjdk.hotspot.jre.full.win32.x86_64_17.0.3.v20220515-1416\jre\bin\jli.dll
0x00007ffeca150000 - 0x00007ffeca2ee000 	C:\Windows\System32\USER32.dll
0x00007ffec9460000 - 0x00007ffec9482000 	C:\Windows\System32\win32u.dll
0x00007ffeb1eb0000 - 0x00007ffeb214a000 	C:\Windows\WinSxS\amd64_microsoft.windows.common-controls_6595b64144ccf1df_6.0.19041.1110_none_60b5254171f9507e\COMCTL32.dll
0x00007ffecb2f0000 - 0x00007ffecb31c000 	C:\Windows\System32\GDI32.dll
0x00007ffecb3f0000 - 0x00007ffecb48e000 	C:\Windows\System32\msvcrt.dll
0x00007ffec8e10000 - 0x00007ffec8f2a000 	C:\Windows\System32\gdi32full.dll
0x00007ffec9330000 - 0x00007ffec93cd000 	C:\Windows\System32\msvcp_win.dll
0x00007ffec9c00000 - 0x00007ffec9c30000 	C:\Windows\System32\IMM32.DLL
0x00007ffec2f60000 - 0x00007ffec2f6c000 	C:\eclipse\plugins\org.eclipse.justj.openjdk.hotspot.jre.full.win32.x86_64_17.0.3.v20220515-1416\jre\bin\vcruntime140_1.dll
0x00007ffe9a800000 - 0x00007ffe9a891000 	C:\eclipse\plugins\org.eclipse.justj.openjdk.hotspot.jre.full.win32.x86_64_17.0.3.v20220515-1416\jre\bin\msvcp140.dll
0x00007ffe97ec0000 - 0x00007ffe98b08000 	C:\eclipse\plugins\org.eclipse.justj.openjdk.hotspot.jre.full.win32.x86_64_17.0.3.v20220515-1416\jre\bin\server\jvm.dll
0x00007ffeca720000 - 0x00007ffeca7ce000 	C:\Windows\System32\ADVAPI32.dll
0x00007ffecb180000 - 0x00007ffecb21c000 	C:\Windows\System32\sechost.dll
0x00007ffeca5f0000 - 0x00007ffeca716000 	C:\Windows\System32\RPCRT4.dll
0x00007ffecb040000 - 0x00007ffecb048000 	C:\Windows\System32\PSAPI.DLL
0x00007ffec1390000 - 0x00007ffec139a000 	C:\Windows\SYSTEM32\VERSION.dll
0x00007ffebc420000 - 0x00007ffebc447000 	C:\Windows\SYSTEM32\WINMM.dll
0x00007ffe69ed0000 - 0x00007ffe69ed9000 	C:\Windows\SYSTEM32\WSOCK32.dll
0x00007ffecb380000 - 0x00007ffecb3eb000 	C:\Windows\System32\WS2_32.dll
0x00007ffec75f0000 - 0x00007ffec7602000 	C:\Windows\SYSTEM32\kernel.appcore.dll
0x00007ffec1b50000 - 0x00007ffec1b5a000 	C:\eclipse\plugins\org.eclipse.justj.openjdk.hotspot.jre.full.win32.x86_64_17.0.3.v20220515-1416\jre\bin\jimage.dll
0x00007ffec6c20000 - 0x00007ffec6e04000 	C:\Windows\SYSTEM32\DBGHELP.DLL
0x00007ffeb1c90000 - 0x00007ffeb1cc4000 	C:\Windows\SYSTEM32\dbgcore.DLL
0x00007ffec93d0000 - 0x00007ffec9452000 	C:\Windows\System32\bcryptPrimitives.dll
0x00007ffe9e580000 - 0x00007ffe9e5a5000 	C:\eclipse\plugins\org.eclipse.justj.openjdk.hotspot.jre.full.win32.x86_64_17.0.3.v20220515-1416\jre\bin\java.dll
0x00007ffeaf4b0000 - 0x00007ffeaf4c8000 	C:\eclipse\plugins\org.eclipse.justj.openjdk.hotspot.jre.full.win32.x86_64_17.0.3.v20220515-1416\jre\bin\zip.dll
0x00007ffeca7d0000 - 0x00007ffecaf15000 	C:\Windows\System32\SHELL32.dll
0x00007ffec6e40000 - 0x00007ffec75db000 	C:\Windows\SYSTEM32\windows.storage.dll
0x00007ffec9d70000 - 0x00007ffeca0c4000 	C:\Windows\System32\combase.dll
0x00007ffec86a0000 - 0x00007ffec86ce000 	C:\Windows\SYSTEM32\Wldp.dll
0x00007ffecb520000 - 0x00007ffecb5cd000 	C:\Windows\System32\SHCORE.dll
0x00007ffecb5d0000 - 0x00007ffecb625000 	C:\Windows\System32\shlwapi.dll
0x00007ffec8d40000 - 0x00007ffec8d65000 	C:\Windows\SYSTEM32\profapi.dll
0x00007ffeaf230000 - 0x00007ffeaf249000 	C:\eclipse\plugins\org.eclipse.justj.openjdk.hotspot.jre.full.win32.x86_64_17.0.3.v20220515-1416\jre\bin\net.dll
0x00007ffec3480000 - 0x00007ffec358a000 	C:\Windows\SYSTEM32\WINHTTP.dll
0x00007ffec8480000 - 0x00007ffec84ea000 	C:\Windows\system32\mswsock.dll
0x00007ffead160000 - 0x00007ffead175000 	C:\eclipse\plugins\org.eclipse.justj.openjdk.hotspot.jre.full.win32.x86_64_17.0.3.v20220515-1416\jre\bin\nio.dll
0x00007ffec0f20000 - 0x00007ffec0f30000 	C:\eclipse\plugins\org.eclipse.justj.openjdk.hotspot.jre.full.win32.x86_64_17.0.3.v20220515-1416\jre\bin\verify.dll
0x00007ffec81d0000 - 0x00007ffec829a000 	C:\Windows\SYSTEM32\DNSAPI.dll
0x00007ffec8190000 - 0x00007ffec81cb000 	C:\Windows\SYSTEM32\IPHLPAPI.DLL
0x00007ffeca4c0000 - 0x00007ffeca4c8000 	C:\Windows\System32\NSI.dll
0x00007ffec1340000 - 0x00007ffec134a000 	C:\Windows\System32\rasadhlp.dll
0x00007ffebf3e0000 - 0x00007ffebf462000 	C:\Windows\System32\fwpuclnt.dll
0x00007ffec91b0000 - 0x00007ffec91d7000 	C:\Windows\System32\bcrypt.dll
0x00007ffec86e0000 - 0x00007ffec86f8000 	C:\Windows\SYSTEM32\CRYPTSP.dll
0x00007ffec7db0000 - 0x00007ffec7de4000 	C:\Windows\system32\rsaenh.dll
0x00007ffec8d00000 - 0x00007ffec8d2e000 	C:\Windows\SYSTEM32\USERENV.dll
0x00007ffec8610000 - 0x00007ffec861c000 	C:\Windows\SYSTEM32\CRYPTBASE.dll
0x00007ffebf950000 - 0x00007ffebf967000 	C:\Windows\SYSTEM32\dhcpcsvc6.DLL
0x00007ffec10a0000 - 0x00007ffec10bd000 	C:\Windows\SYSTEM32\dhcpcsvc.DLL
0x00007ffeb0160000 - 0x00007ffeb0169000 	C:\eclipse\plugins\org.eclipse.justj.openjdk.hotspot.jre.full.win32.x86_64_17.0.3.v20220515-1416\jre\bin\management.dll
0x00007ffea7db0000 - 0x00007ffea7dbb000 	C:\eclipse\plugins\org.eclipse.justj.openjdk.hotspot.jre.full.win32.x86_64_17.0.3.v20220515-1416\jre\bin\management_ext.dll
0x00007ffea2e10000 - 0x00007ffea2e27000 	C:\Windows\system32\napinsp.dll
0x00007ffea2d90000 - 0x00007ffea2dab000 	C:\Windows\system32\pnrpnsp.dll
0x00007ffec3450000 - 0x00007ffec3465000 	C:\Windows\system32\wshbth.dll
0x00007ffec4080000 - 0x00007ffec409d000 	C:\Windows\system32\NLAapi.dll
0x00007ffea2d70000 - 0x00007ffea2d82000 	C:\Windows\System32\winrnr.dll
0x00007ffeb04f0000 - 0x00007ffeb04fe000 	C:\eclipse\plugins\org.eclipse.justj.openjdk.hotspot.jre.full.win32.x86_64_17.0.3.v20220515-1416\jre\bin\sunmscapi.dll
0x00007ffec8f30000 - 0x00007ffec908e000 	C:\Windows\System32\CRYPT32.dll
0x00007ffec88c0000 - 0x00007ffec88e8000 	C:\Windows\SYSTEM32\ncrypt.dll
0x00007ffec8880000 - 0x00007ffec88bb000 	C:\Windows\SYSTEM32\NTASN1.dll

dbghelp: loaded successfully - version: 4.0.5 - missing functions: none
symbol engine: initialized successfully - sym options: 0x614 - pdb path: .;C:\eclipse\plugins\org.eclipse.justj.openjdk.hotspot.jre.full.win32.x86_64_17.0.3.v20220515-1416\jre\bin;C:\Windows\SYSTEM32;C:\Windows\WinSxS\amd64_microsoft.windows.common-controls_6595b64144ccf1df_6.0.19041.1110_none_60b5254171f9507e;C:\eclipse\plugins\org.eclipse.justj.openjdk.hotspot.jre.full.win32.x86_64_17.0.3.v20220515-1416\jre\bin\server

VM Arguments:
jvm_args: -ea -Dfile.encoding=UTF-8 -XX:+ShowCodeDetailsInExceptionMessages 
java_command: org.testng.remote.RemoteTestNG -serport 61113 -protocol json -d C:\Users\Shakir\OneDrive - Intact Green Services (India) PVT LTD\Desktop\CharlesAndroidHipiNeo\test-output C:\Users\Shakir\OneDrive - Intact Green Services (India) PVT LTD\Desktop\CharlesAndroidHipiNeo\Android_HiPi_Neo.xml
java_class_path (initial): C:\eclipse\configuration\org.eclipse.osgi\892\0\.cp\lib\testng-remote.jar;C:\Users\Shakir\OneDrive - Intact Green Services (India) PVT LTD\Desktop\CharlesAndroidHipiNeo\target\test-classes;C:\Users\Shakir\OneDrive - Intact Green Services (India) PVT LTD\Desktop\CharlesAndroidHipiNeo\target\classes;C:\Users\Shakir\Downloads\spire.xls-13.6.5.jar;C:\Users\Shakir\.m2\repository\io\appium\java-client\7.2.0\java-client-7.2.0.jar;C:\Users\Shakir\.m2\repository\org\seleniumhq\selenium\selenium-support\3.141.59\selenium-support-3.141.59.jar;C:\Users\Shakir\.m2\repository\org\seleniumhq\selenium\selenium-api\3.141.59\selenium-api-3.141.59.jar;C:\Users\Shakir\.m2\repository\com\google\code\gson\gson\2.8.5\gson-2.8.5.jar;C:\Users\Shakir\.m2\repository\org\apache\httpcomponents\httpclient\4.5.9\httpclient-4.5.9.jar;C:\Users\Shakir\.m2\repository\cglib\cglib\3.2.12\cglib-3.2.12.jar;C:\Users\Shakir\.m2\repository\org\ow2\asm\asm\7.1\asm-7.1.jar;C:\Users\Shakir\.m2\repository\org\springframework\spring-context\5.1.8.RELEASE\spring-context-5.1.8.RELEASE.jar;C:\Users\Shakir\.m2\repository\org\springframework\spring-aop\5.1.8.RELEASE\spring-aop-5.1.8.RELEASE.jar;C:\Users\Shakir\.m2\repository\org\springframework\spring-beans\5.1.8.RELEASE\spring-beans-5.1.8.RELEASE.jar;C:\Users\Shakir\.m2\repository\org\springframework\spring-core\5.1.8.RELEASE\spring-core-5.1.8.RELEASE.jar;C:\Users\Shakir\.m2\repository\org\springframework\spring-jcl\5.1.8.RELEASE\spring-jcl-5.1.8.RELEASE.jar;C:\Users\Shakir\.m2\repository\org\springframework\spring-expression\5.1.8.RELEASE\spring-expression-5.1.8.RELEASE.jar;C:\Users\Shakir\.m2\repository\org\aspectj\aspectjweaver\1.9.4\aspectjweaver-1.9.4.jar;C:\Users\Shakir\.m2\repository\org\slf4j\slf4j-api\1.7.26\slf4j-api-1.7.26.jar;C:\Users\Shakir\.m2\repository\org\seleniumhq\selenium\selenium-java\3.141.59\selenium-java-3.141.59.jar;C:\Users\Shakir\.m2\repository\org\seleniumhq\selenium\selenium-chrome-driver\3.141.59\selenium-ch
Launcher Type: SUN_STANDARD

[Global flags]
     intx CICompilerCount                          = 4                                         {product} {ergonomic}
     uint ConcGCThreads                            = 2                                         {product} {ergonomic}
     uint G1ConcRefinementThreads                  = 8                                         {product} {ergonomic}
   size_t G1HeapRegionSize                         = 2097152                                   {product} {ergonomic}
    uintx GCDrainStackTargetSize                   = 64                                        {product} {ergonomic}
   size_t InitialHeapSize                          = 264241152                                 {product} {ergonomic}
   size_t MarkStackSize                            = 4194304                                   {product} {ergonomic}
   size_t MaxHeapSize                              = 4204789760                                {product} {ergonomic}
   size_t MaxNewSize                               = 2522873856                                {product} {ergonomic}
   size_t MinHeapDeltaBytes                        = 2097152                                   {product} {ergonomic}
   size_t MinHeapSize                              = 8388608                                   {product} {ergonomic}
    uintx NonNMethodCodeHeapSize                   = 5839372                                {pd product} {ergonomic}
    uintx NonProfiledCodeHeapSize                  = 122909434                              {pd product} {ergonomic}
    uintx ProfiledCodeHeapSize                     = 122909434                              {pd product} {ergonomic}
    uintx ReservedCodeCacheSize                    = 251658240                              {pd product} {ergonomic}
     bool SegmentedCodeCache                       = true                                      {product} {ergonomic}
     bool ShowCodeDetailsInExceptionMessages       = true                                   {manageable} {command line}
   size_t SoftMaxHeapSize                          = 4204789760                             {manageable} {ergonomic}
     bool UseCompressedClassPointers               = true                           {product lp64_product} {ergonomic}
     bool UseCompressedOops                        = true                           {product lp64_product} {ergonomic}
     bool UseG1GC                                  = true                                      {product} {ergonomic}
     bool UseLargePagesIndividualAllocation        = false                                  {pd product} {ergonomic}

Logging:
Log output configuration:
 #0: stdout all=warning uptime,level,tags
 #1: stderr all=off uptime,level,tags

Environment Variables:
JAVA_HOME=C:\Program Files\Java\jdk1.8.0_201
PATH=C:/eclipse//plugins/org.eclipse.justj.openjdk.hotspot.jre.full.win32.x86_64_17.0.3.v20220515-1416/jre/bin/server;C:/eclipse//plugins/org.eclipse.justj.openjdk.hotspot.jre.full.win32.x86_64_17.0.3.v20220515-1416/jre/bin;C:\Program Files (x86)\Common Files\Oracle\Java\javapath;C:\Windows\system32;C:\Windows;C:\Windows\System32\Wbem;C:\Windows\System32\WindowsPowerShell\v1.0\;C:\Windows\System32\OpenSSH\;C:\Program Files\apache-maven-3.8.6\bin;C:\Program Files\Git\cmd;C:\Program Files\Git\bin;C:\Program Files\Java\jre1.8.0_201\bin;C:\Program Files\Charles;C:\Android\Sdk\platform-tools;C:\Android\Sdk\build-tools;C:\Program Files\nodejs;C:\Program Files\Java\jdk1.8.0_201;C:\Program Files\Java\jdk1.8.0_201\bin;C:\Program Files\nodejs\;C:\Android\Sdk\build-tools\34.0.0;C:\Android\Sdk\platforms\android-34;C:\Users\Shakir\AppData\Roaming\npm;C:\eclipse;;C:\eclipse;
USERNAME=Shakir
OS=Windows_NT
PROCESSOR_IDENTIFIER=Intel64 Family 6 Model 140 Stepping 1, GenuineIntel



---------------  S Y S T E M  ---------------

OS:
 Windows 10 , 64 bit Build 19041 (10.0.19041.3393)
OS uptime: 1 days 9:22 hours
Hyper-V role detected

CPU: total 8 (initial active 8) (4 cores per cpu, 2 threads per core) family 6 model 140 stepping 1 microcode 0xa4, cx8, cmov, fxsr, ht, mmx, 3dnowpref, sse, sse2, sse3, ssse3, sse4.1, sse4.2, popcnt, lzcnt, tsc, tscinvbit, avx, avx2, aes, erms, clmul, bmi1, bmi2, adx, avx512f, avx512dq, avx512cd, avx512bw, avx512vl, sha, fma, vzeroupper, avx512_vpopcntdq, avx512_vpclmulqdq, avx512_vaes, avx512_vnni, clflush, clflushopt, clwb, avx512_vbmi2, avx512_vbmi, hv

Memory: 4k page, system-wide physical 16039M (816M free)
TotalPageFile size 16039M (AvailPageFile size 4M)
current process WorkingSet (physical memory assigned to process): 202M, peak: 217M
current process commit charge ("private bytes"): 240M, peak: 383M

vm_info: OpenJDK 64-Bit Server VM (17.0.3+7) for windows-amd64 JRE (17.0.3+7), built on Apr 19 2022 16:55:35 by "" with MS VC++ 16.7 (VS2019)

END.
